#
# There is insufficient memory for the Java Runtime Environment to continue.
# Native memory allocation (mmap) failed to map 329252864 bytes for committing reserved memory.
# Possible reasons:
#   The system is out of physical RAM or swap space
#   The process is running with CompressedOops enabled, and the Java Heap may be blocking the growth of the native heap
# Possible solutions:
#   Reduce memory load on the system
#   Increase physical memory or swap space
#   Check if swap backing store is full
#   Decrease Java heap size (-Xmx/-Xms)
#   Decrease number of Java threads
#   Decrease Java thread stack sizes (-Xss)
#   Set larger code cache with -XX:ReservedCodeCacheSize=
#   JVM is running with Unscaled Compressed Oops mode in which the Java heap is
#     placed in the first 4GB address space. The Java Heap base address is the
#     maximum limit for the native heap growth. Please use -XX:HeapBaseMinAddress
#     to set the Java Heap base and to place the Java Heap above 4GB virtual address.
# This output file may be truncated or incomplete.
#
#  Out of Memory Error (os_linux.cpp:2709), pid=5471, tid=5479
#
# JRE version: OpenJDK Runtime Environment (11.0.1+13) (build 11.0.1+13)
# Java VM: OpenJDK 64-Bit Server VM (11.0.1+13, mixed mode, tiered, compressed oops, g1 gc, linux-amd64)
# No core dump will be written. Core dumps have been disabled. To enable core dumping, try "ulimit -c unlimited" before starting Java again
#

---------------  S U M M A R Y ------------

Command Line: --add-modules=ALL-SYSTEM --add-opens=java.base/java.util=ALL-UNNAMED --add-opens=java.base/java.lang=ALL-UNNAMED -Declipse.application=org.eclipse.jdt.ls.core.id1 -Dosgi.bundles.defaultStartLevel=4 -Declipse.product=org.eclipse.jdt.ls.core.product -Dfile.encoding=utf8 -Xverify:none -Xmx1G -XX:+UseG1GC -XX:+UseStringDeduplication /home/18203069/.vscode/extensions/redhat.java-0.40.0/server/plugins/org.eclipse.equinox.launcher_1.5.200.v20180922-1751.jar -configuration /home/18203069/.vscode/extensions/redhat.java-0.40.0/server/config_linux -data /home/18203069/.config/Code/User/workspaceStorage/399d3aaf91dce2e000a7f57d03ecb81c/redhat.java/jdt_ws

Host: Intel(R) Core(TM) i3 CPU         530  @ 2.93GHz, 4 cores, 3G, Debian GNU/Linux 9 (stretch)
Time: Thu Aug  8 20:30:09 2019 -03 elapsed time: 119 seconds (0d 0h 1m 59s)

---------------  T H R E A D  ---------------

Current thread (0x00007f9660165800):  VMThread "VM Thread" [stack: 0x00007f96483d4000,0x00007f96484d4000] [id=5479]

Stack: [0x00007f96483d4000,0x00007f96484d4000],  sp=0x00007f96484d20a0,  free space=1016k
Native frames: (J=compiled Java code, A=aot compiled Java code, j=interpreted, Vv=VM code, C=native code)
V  [libjvm.so+0xe57157]  VMError::report_and_die(int, char const*, char const*, __va_list_tag*, Thread*, unsigned char*, void*, void*, char const*, int, unsigned long)+0x2c7
V  [libjvm.so+0xe57dab]  VMError::report_and_die(Thread*, char const*, int, unsigned long, VMErrorType, char const*, __va_list_tag*)+0x2b
V  [libjvm.so+0x6ca415]  report_vm_out_of_memory(char const*, int, unsigned long, VMErrorType, char const*, ...)+0xd5
V  [libjvm.so+0xc32c08]  os::pd_commit_memory_or_exit(char*, unsigned long, unsigned long, bool, char const*)+0x108
V  [libjvm.so+0xc2a63d]  os::commit_memory_or_exit(char*, unsigned long, unsigned long, bool, char const*)+0x1d
V  [libjvm.so+0x7ddeef]  G1PageBasedVirtualSpace::commit_preferred_pages(unsigned long, unsigned long)+0x5f
V  [libjvm.so+0x7de15e]  G1PageBasedVirtualSpace::commit(unsigned long, unsigned long)+0x5e
V  [libjvm.so+0x7e9f30]  G1RegionsLargerThanCommitSizeMapper::commit_regions(unsigned int, unsigned long, WorkGang*)+0x40
V  [libjvm.so+0x865589]  HeapRegionManager::commit_regions(unsigned int, unsigned long, WorkGang*)+0x89
V  [libjvm.so+0x8661df]  HeapRegionManager::make_regions_available(unsigned int, unsigned int, WorkGang*)+0x3f
V  [libjvm.so+0x866669]  HeapRegionManager::expand_at(unsigned int, unsigned int, WorkGang*) [clone .part.44]+0x119
V  [libjvm.so+0x7a2d0f]  G1CollectedHeap::expand(unsigned long, WorkGang*, double*)+0xdf
V  [libjvm.so+0x7a7a0a]  G1CollectedHeap::do_collection_pause_at_safepoint(double)+0x9ea
V  [libjvm.so+0xe6adc1]  VM_G1CollectForAllocation::doit()+0x81
V  [libjvm.so+0xe699b8]  VM_Operation::evaluate()+0xd8
V  [libjvm.so+0xe671ef]  VMThread::evaluate_operation(VM_Operation*) [clone .constprop.54]+0xff
V  [libjvm.so+0xe676fe]  VMThread::loop()+0x3be
V  [libjvm.so+0xe67b2b]  VMThread::run()+0x7b
V  [libjvm.so+0xc38880]  thread_native_entry(Thread*)+0xf0

VM_Operation (0x00007f9602cbde60): G1CollectForAllocation, mode: safepoint, requested by thread 0x00007f95e84bc000


---------------  P R O C E S S  ---------------

Threads class SMR info:
_java_thread_list=0x00007f95fc001ed0, length=29, elements={
0x00007f9660012800, 0x00007f966016e000, 0x00007f9660172000, 0x00007f966018e800,
0x00007f9660190800, 0x00007f9660192800, 0x00007f9660194800, 0x00007f9660265800,
0x00007f96602f2800, 0x00007f9660543000, 0x00007f9660551800, 0x00007f9660580800,
0x00007f9660577000, 0x00007f95e823c000, 0x00007f95e834b000, 0x00007f95c4001000,
0x00007f95e84bc000, 0x00007f95e8087800, 0x00007f9660411800, 0x00007f9660656800,
0x0000000001ebf000, 0x00007f95dc019000, 0x00007f95e81d8000, 0x00007f95e4002000,
0x00007f95dc158000, 0x00007f95dc16c000, 0x00007f95dc19f800, 0x00007f96186a9000,
0x00007f95d4001800
}

Java Threads: ( => current thread )
  0x00007f9660012800 JavaThread "main" [_thread_blocked, id=5472, stack(0x00007f966a0c9000,0x00007f966a1ca000)]
  0x00007f966016e000 JavaThread "Reference Handler" daemon [_thread_blocked, id=5480, stack(0x00007f96482d2000,0x00007f96483d3000)]
  0x00007f9660172000 JavaThread "Finalizer" daemon [_thread_blocked, id=5481, stack(0x00007f96481d1000,0x00007f96482d2000)]
  0x00007f966018e800 JavaThread "Signal Dispatcher" daemon [_thread_blocked, id=5482, stack(0x00007f96406ff000,0x00007f9640800000)]
  0x00007f9660190800 JavaThread "C2 CompilerThread0" daemon [_thread_blocked, id=5483, stack(0x00007f96405fe000,0x00007f96406ff000)]
  0x00007f9660192800 JavaThread "C1 CompilerThread0" daemon [_thread_blocked, id=5484, stack(0x00007f96404fd000,0x00007f96405fe000)]
  0x00007f9660194800 JavaThread "Sweeper thread" daemon [_thread_blocked, id=5485, stack(0x00007f96403fc000,0x00007f96404fd000)]
  0x00007f9660265800 JavaThread "Common-Cleaner" daemon [_thread_blocked, id=5486, stack(0x00007f96402fb000,0x00007f96403fc000)]
  0x00007f96602f2800 JavaThread "Service Thread" daemon [_thread_blocked, id=5487, stack(0x00007f96401fa000,0x00007f96402fb000)]
  0x00007f9660543000 JavaThread "Active Thread: Equinox Container: c39f069d-e990-435d-a72b-f29917b2b90d" [_thread_blocked, id=5495, stack(0x00007f96032d3000,0x00007f96033d4000)]
  0x00007f9660551800 JavaThread "Framework Event Dispatcher: Equinox Container: c39f069d-e990-435d-a72b-f29917b2b90d" daemon [_thread_blocked, id=5496, stack(0x00007f96038d7000,0x00007f96039d8000)]
  0x00007f9660580800 JavaThread "Start Level: Equinox Container: c39f069d-e990-435d-a72b-f29917b2b90d" daemon [_thread_blocked, id=5497, stack(0x00007f96031d2000,0x00007f96032d3000)]
  0x00007f9660577000 JavaThread "Refresh Thread: Equinox Container: c39f069d-e990-435d-a72b-f29917b2b90d" daemon [_thread_blocked, id=5498, stack(0x00007f96030d1000,0x00007f96031d2000)]
  0x00007f95e823c000 JavaThread "Worker-JM" [_thread_blocked, id=5504, stack(0x00007f96023b0000,0x00007f96024b1000)]
  0x00007f95e834b000 JavaThread "Worker-0: Updating Maven Dependencies" [_thread_blocked, id=5505, stack(0x00007f96022af000,0x00007f96023b0000)]
  0x00007f95c4001000 JavaThread "Worker-1: Java indexing... " [_thread_blocked, id=5506, stack(0x00007f96021ae000,0x00007f96022af000)]
  0x00007f95e84bc000 JavaThread "Java indexing" daemon [_thread_blocked, id=5507, stack(0x00007f9602bbf000,0x00007f9602cc0000)]
  0x00007f95e8087800 JavaThread "Bundle File Closer" daemon [_thread_blocked, id=5508, stack(0x00007f9601cad000,0x00007f9601dae000)]
  0x00007f9660411800 JavaThread "pool-2-thread-1" [_thread_blocked, id=5517, stack(0x00007f96010ab000,0x00007f96011ac000)]
  0x00007f9660656800 JavaThread "pool-1-thread-1" [_thread_blocked, id=5518, stack(0x00007f9600daa000,0x00007f9600eab000)]
  0x0000000001ebf000 JavaThread "Worker-2: Initialize Workspace" [_thread_blocked, id=5519, stack(0x00007f9600ca9000,0x00007f9600daa000)]
  0x00007f95dc019000 JavaThread "Worker-3" [_thread_blocked, id=5520, stack(0x00007f9600ba8000,0x00007f9600ca9000)]
  0x00007f95e81d8000 JavaThread "Worker-4" [_thread_blocked, id=5521, stack(0x00007f96008a7000,0x00007f96009a8000)]
  0x00007f95e4002000 JavaThread "Worker-5: Compacting resource model" [_thread_blocked, id=5522, stack(0x00007f96007a6000,0x00007f96008a7000)]
  0x00007f95dc158000 JavaThread "Timer-0" [_thread_blocked, id=5538, stack(0x00007f96019ac000,0x00007f9601aad000)]
  0x00007f95dc16c000 JavaThread "Timer-1" [_thread_blocked, id=5540, stack(0x00007f95cb1a6000,0x00007f95cb2a7000)]
  0x00007f95dc19f800 JavaThread "Connection worker" [_thread_blocked, id=5541, stack(0x00007f95caea5000,0x00007f95cafa6000)]
  0x00007f96186a9000 JavaThread "C2 CompilerThread1" daemon [_thread_blocked, id=5560, stack(0x00007f96033d4000,0x00007f96034d5000)]
  0x00007f95d4001800 JavaThread "process reaper" daemon [_thread_blocked, id=5581, stack(0x00007f966a007000,0x00007f966a029000)]

Other Threads:
=>0x00007f9660165800 VMThread "VM Thread" [stack: 0x00007f96483d4000,0x00007f96484d4000] [id=5479]
  0x00007f96602f5000 WatcherThread [stack: 0x00007f96400fa000,0x00007f96401fa000] [id=5488]
  0x00007f966003a000 GCTaskThread "GC Thread#0" [stack: 0x00007f9665c7e000,0x00007f9665d7e000] [id=5473]
  0x00007f9624001000 GCTaskThread "GC Thread#1" [stack: 0x00007f96037d7000,0x00007f96038d7000] [id=5492]
  0x00007f9624007000 GCTaskThread "GC Thread#2" [stack: 0x00007f96029be000,0x00007f9602abe000] [id=5501]
  0x00007f9624008800 GCTaskThread "GC Thread#3" [stack: 0x00007f96028bd000,0x00007f96029bd000] [id=5502]
  0x00007f9660056000 ConcurrentGCThread "G1 Main Marker" [stack: 0x00007f9664179000,0x00007f9664279000] [id=5474]
  0x00007f9660057800 ConcurrentGCThread "G1 Conc#0" [stack: 0x00007f9664078000,0x00007f9664178000] [id=5475]
  0x00007f9660099800 ConcurrentGCThread "G1 Refine#0" [stack: 0x00007f9648758000,0x00007f9648858000] [id=5476]
  0x00007f966009b800 ConcurrentGCThread "G1 Young RemSet Sampling" [stack: 0x00007f9648657000,0x00007f9648757000] [id=5477]
  0x00007f96600a2000 ConcurrentGCThread "StrDedup" [stack: 0x00007f9648556000,0x00007f9648656000] [id=5478]

Threads with active compile tasks:
C2 CompilerThread05884       4       java.lang.String::valueOf (14 bytes)
C2 CompilerThread15885       4       java.lang.StringBuilder::<init> (18 bytes)

VM state:at safepoint (normal execution)

VM Mutex/Monitor currently owned by a thread:  ([mutex/lock_event])
[0x00007f966000df60] Threads_lock - owner thread: 0x00007f9660165800
[0x00007f966000e6b0] Heap_lock - owner thread: 0x00007f95e84bc000

Heap address: 0x00000000c0000000, size: 1024 MB, Compressed Oops mode: 32-bit
Narrow klass base: 0x0000000000000000, Narrow klass shift: 3
Compressed class space size: 1073741824 Address: 0x0000000100000000

Heap:
 garbage-first heap   total 568320K, used 137063K [0x00000000c0000000, 0x0000000100000000)
  region size 1024K, 2 young (2048K), 2 survivors (2048K)
 Metaspace       used 51275K, capacity 53648K, committed 53936K, reserved 1097728K
  class space    used 5468K, capacity 6354K, committed 6400K, reserved 1048576K
Heap Regions: E=young(eden), S=young(survivor), O=old, HS=humongous(starts), HC=humongous(continues), CS=collection set, F=free, A=archive, TAMS=top-at-mark-start (previous, next)
|   0|0x00000000c0000000, 0x00000000c0100000, 0x00000000c0100000|100%| O|  |TAMS 0x00000000c0100000, 0x00000000c0100000| Untracked 
|   1|0x00000000c0100000, 0x00000000c0200000, 0x00000000c0200000|100%| O|  |TAMS 0x00000000c0200000, 0x00000000c0200000| Untracked 
|   2|0x00000000c0200000, 0x00000000c0300000, 0x00000000c0300000|100%| O|  |TAMS 0x00000000c0300000, 0x00000000c0300000| Untracked 
|   3|0x00000000c0300000, 0x00000000c0400000, 0x00000000c0400000|100%| O|  |TAMS 0x00000000c0400000, 0x00000000c0400000| Untracked 
|   4|0x00000000c0400000, 0x00000000c0500000, 0x00000000c0500000|100%| O|  |TAMS 0x00000000c0500000, 0x00000000c0500000| Untracked 
|   5|0x00000000c0500000, 0x00000000c0600000, 0x00000000c0600000|100%| O|  |TAMS 0x00000000c0600000, 0x00000000c0600000| Untracked 
|   6|0x00000000c0600000, 0x00000000c0700000, 0x00000000c0700000|100%| O|  |TAMS 0x00000000c0700000, 0x00000000c0700000| Untracked 
|   7|0x00000000c0700000, 0x00000000c0800000, 0x00000000c0800000|100%| O|  |TAMS 0x00000000c0800000, 0x00000000c0800000| Untracked 
|   8|0x00000000c0800000, 0x00000000c0900000, 0x00000000c0900000|100%| O|  |TAMS 0x00000000c0900000, 0x00000000c0900000| Untracked 
|   9|0x00000000c0900000, 0x00000000c0a00000, 0x00000000c0a00000|100%| O|  |TAMS 0x00000000c0a00000, 0x00000000c0a00000| Untracked 
|  10|0x00000000c0a00000, 0x00000000c0b00000, 0x00000000c0b00000|100%| O|  |TAMS 0x00000000c0b00000, 0x00000000c0b00000| Untracked 
|  11|0x00000000c0b00000, 0x00000000c0c00000, 0x00000000c0c00000|100%| O|  |TAMS 0x00000000c0c00000, 0x00000000c0c00000| Untracked 
|  12|0x00000000c0c00000, 0x00000000c0d00000, 0x00000000c0d00000|100%| O|  |TAMS 0x00000000c0d00000, 0x00000000c0d00000| Untracked 
|  13|0x00000000c0d00000, 0x00000000c0e00000, 0x00000000c0e00000|100%| O|  |TAMS 0x00000000c0e00000, 0x00000000c0e00000| Untracked 
|  14|0x00000000c0e00000, 0x00000000c0f00000, 0x00000000c0f00000|100%| O|  |TAMS 0x00000000c0f00000, 0x00000000c0f00000| Untracked 
|  15|0x00000000c0f00000, 0x00000000c1000000, 0x00000000c1000000|100%| O|  |TAMS 0x00000000c1000000, 0x00000000c1000000| Untracked 
|  16|0x00000000c1000000, 0x00000000c1100000, 0x00000000c1100000|100%| O|  |TAMS 0x00000000c1100000, 0x00000000c1100000| Untracked 
|  17|0x00000000c1100000, 0x00000000c1200000, 0x00000000c1200000|100%| O|  |TAMS 0x00000000c1200000, 0x00000000c1200000| Untracked 
|  18|0x00000000c1200000, 0x00000000c1300000, 0x00000000c1300000|100%| O|  |TAMS 0x00000000c1300000, 0x00000000c1300000| Untracked 
|  19|0x00000000c1300000, 0x00000000c1400000, 0x00000000c1400000|100%| O|  |TAMS 0x00000000c1400000, 0x00000000c1400000| Untracked 
|  20|0x00000000c1400000, 0x00000000c1500000, 0x00000000c1500000|100%| O|  |TAMS 0x00000000c1500000, 0x00000000c1500000| Untracked 
|  21|0x00000000c1500000, 0x00000000c1600000, 0x00000000c1600000|100%| O|  |TAMS 0x00000000c1600000, 0x00000000c1600000| Untracked 
|  22|0x00000000c1600000, 0x00000000c1700000, 0x00000000c1700000|100%| O|  |TAMS 0x00000000c1700000, 0x00000000c1700000| Untracked 
|  23|0x00000000c1700000, 0x00000000c1800000, 0x00000000c1800000|100%|HS|  |TAMS 0x00000000c1800000, 0x00000000c1800000| Complete 
|  24|0x00000000c1800000, 0x00000000c1900000, 0x00000000c1900000|100%| O|  |TAMS 0x00000000c1900000, 0x00000000c1900000| Untracked 
|  25|0x00000000c1900000, 0x00000000c1a00000, 0x00000000c1a00000|100%| O|  |TAMS 0x00000000c1a00000, 0x00000000c1a00000| Untracked 
|  26|0x00000000c1a00000, 0x00000000c1b00000, 0x00000000c1b00000|100%| O|  |TAMS 0x00000000c1b00000, 0x00000000c1b00000| Untracked 
|  27|0x00000000c1b00000, 0x00000000c1c00000, 0x00000000c1c00000|100%| O|  |TAMS 0x00000000c1c00000, 0x00000000c1c00000| Untracked 
|  28|0x00000000c1c00000, 0x00000000c1d00000, 0x00000000c1d00000|100%| O|  |TAMS 0x00000000c1d00000, 0x00000000c1d00000| Untracked 
|  29|0x00000000c1d00000, 0x00000000c1e00000, 0x00000000c1e00000|100%| O|  |TAMS 0x00000000c1e00000, 0x00000000c1e00000| Untracked 
|  30|0x00000000c1e00000, 0x00000000c1f00000, 0x00000000c1f00000|100%| O|  |TAMS 0x00000000c1f00000, 0x00000000c1f00000| Untracked 
|  31|0x00000000c1f00000, 0x00000000c2000000, 0x00000000c2000000|100%| O|  |TAMS 0x00000000c2000000, 0x00000000c2000000| Untracked 
|  32|0x00000000c2000000, 0x00000000c2100000, 0x00000000c2100000|100%| O|  |TAMS 0x00000000c2100000, 0x00000000c2100000| Untracked 
|  33|0x00000000c2100000, 0x00000000c2200000, 0x00000000c2200000|100%| O|  |TAMS 0x00000000c2200000, 0x00000000c2200000| Untracked 
|  34|0x00000000c2200000, 0x00000000c2300000, 0x00000000c2300000|100%| O|  |TAMS 0x00000000c2300000, 0x00000000c2300000| Untracked 
|  35|0x00000000c2300000, 0x00000000c2400000, 0x00000000c2400000|100%| O|  |TAMS 0x00000000c2400000, 0x00000000c2400000| Untracked 
|  36|0x00000000c2400000, 0x00000000c2500000, 0x00000000c2500000|100%| O|  |TAMS 0x00000000c2500000, 0x00000000c2500000| Untracked 
|  37|0x00000000c2500000, 0x00000000c2600000, 0x00000000c2600000|100%|HS|  |TAMS 0x00000000c2600000, 0x00000000c2600000| Complete 
|  38|0x00000000c2600000, 0x00000000c2700000, 0x00000000c2700000|100%|HC|  |TAMS 0x00000000c2700000, 0x00000000c2700000| Complete 
|  39|0x00000000c2700000, 0x00000000c2800000, 0x00000000c2800000|100%| O|  |TAMS 0x00000000c2800000, 0x00000000c2800000| Untracked 
|  40|0x00000000c2800000, 0x00000000c2900000, 0x00000000c2900000|100%| O|  |TAMS 0x00000000c2900000, 0x00000000c2900000| Untracked 
|  41|0x00000000c2900000, 0x00000000c2a00000, 0x00000000c2a00000|100%| O|  |TAMS 0x00000000c2a00000, 0x00000000c2a00000| Untracked 
|  42|0x00000000c2a00000, 0x00000000c2b00000, 0x00000000c2b00000|100%| O|  |TAMS 0x00000000c2b00000, 0x00000000c2b00000| Untracked 
|  43|0x00000000c2b00000, 0x00000000c2c00000, 0x00000000c2c00000|100%| O|  |TAMS 0x00000000c2c00000, 0x00000000c2c00000| Untracked 
|  44|0x00000000c2c00000, 0x00000000c2d00000, 0x00000000c2d00000|100%| O|  |TAMS 0x00000000c2d00000, 0x00000000c2d00000| Untracked 
|  45|0x00000000c2d00000, 0x00000000c2e00000, 0x00000000c2e00000|100%| O|  |TAMS 0x00000000c2e00000, 0x00000000c2e00000| Untracked 
|  46|0x00000000c2e00000, 0x00000000c2f00000, 0x00000000c2f00000|100%| O|  |TAMS 0x00000000c2f00000, 0x00000000c2f00000| Untracked 
|  47|0x00000000c2f00000, 0x00000000c3000000, 0x00000000c3000000|100%| O|  |TAMS 0x00000000c3000000, 0x00000000c3000000| Untracked 
|  48|0x00000000c3000000, 0x00000000c3100000, 0x00000000c3100000|100%| O|  |TAMS 0x00000000c3100000, 0x00000000c3100000| Untracked 
|  49|0x00000000c3100000, 0x00000000c3200000, 0x00000000c3200000|100%| O|  |TAMS 0x00000000c3200000, 0x00000000c3200000| Untracked 
|  50|0x00000000c3200000, 0x00000000c3300000, 0x00000000c3300000|100%| O|  |TAMS 0x00000000c3300000, 0x00000000c3300000| Untracked 
|  51|0x00000000c3300000, 0x00000000c3400000, 0x00000000c3400000|100%| O|  |TAMS 0x00000000c3400000, 0x00000000c3400000| Untracked 
|  52|0x00000000c3400000, 0x00000000c3500000, 0x00000000c3500000|100%| O|  |TAMS 0x00000000c3500000, 0x00000000c3500000| Untracked 
|  53|0x00000000c3500000, 0x00000000c3600000, 0x00000000c3600000|100%| O|  |TAMS 0x00000000c3600000, 0x00000000c3600000| Untracked 
|  54|0x00000000c3600000, 0x00000000c3700000, 0x00000000c3700000|100%| O|  |TAMS 0x00000000c3700000, 0x00000000c3700000| Untracked 
|  55|0x00000000c3700000, 0x00000000c3800000, 0x00000000c3800000|100%| O|  |TAMS 0x00000000c3800000, 0x00000000c3800000| Untracked 
|  56|0x00000000c3800000, 0x00000000c3900000, 0x00000000c3900000|100%| O|  |TAMS 0x00000000c3900000, 0x00000000c3900000| Untracked 
|  57|0x00000000c3900000, 0x00000000c3a00000, 0x00000000c3a00000|100%| O|  |TAMS 0x00000000c3a00000, 0x00000000c3a00000| Untracked 
|  58|0x00000000c3a00000, 0x00000000c3b00000, 0x00000000c3b00000|100%| O|  |TAMS 0x00000000c3b00000, 0x00000000c3b00000| Untracked 
|  59|0x00000000c3b00000, 0x00000000c3c00000, 0x00000000c3c00000|100%| O|  |TAMS 0x00000000c3c00000, 0x00000000c3c00000| Untracked 
|  60|0x00000000c3c00000, 0x00000000c3d00000, 0x00000000c3d00000|100%| O|  |TAMS 0x00000000c3d00000, 0x00000000c3d00000| Untracked 
|  61|0x00000000c3d00000, 0x00000000c3e00000, 0x00000000c3e00000|100%| O|  |TAMS 0x00000000c3e00000, 0x00000000c3e00000| Untracked 
|  62|0x00000000c3e00000, 0x00000000c3f00000, 0x00000000c3f00000|100%| O|  |TAMS 0x00000000c3f00000, 0x00000000c3f00000| Untracked 
|  63|0x00000000c3f00000, 0x00000000c4000000, 0x00000000c4000000|100%| O|  |TAMS 0x00000000c4000000, 0x00000000c4000000| Untracked 
|  64|0x00000000c4000000, 0x00000000c4100000, 0x00000000c4100000|100%| O|  |TAMS 0x00000000c4100000, 0x00000000c4100000| Untracked 
|  65|0x00000000c4100000, 0x00000000c4200000, 0x00000000c4200000|100%| O|  |TAMS 0x00000000c4200000, 0x00000000c4200000| Untracked 
|  66|0x00000000c4200000, 0x00000000c4300000, 0x00000000c4300000|100%| O|  |TAMS 0x00000000c4300000, 0x00000000c4300000| Untracked 
|  67|0x00000000c4300000, 0x00000000c4400000, 0x00000000c4400000|100%| O|  |TAMS 0x00000000c4400000, 0x00000000c4400000| Untracked 
|  68|0x00000000c4400000, 0x00000000c4500000, 0x00000000c4500000|100%| O|  |TAMS 0x00000000c4500000, 0x00000000c4500000| Untracked 
|  69|0x00000000c4500000, 0x00000000c4600000, 0x00000000c4600000|100%| O|  |TAMS 0x00000000c4600000, 0x00000000c4600000| Untracked 
|  70|0x00000000c4600000, 0x00000000c4700000, 0x00000000c4700000|100%| O|  |TAMS 0x00000000c4700000, 0x00000000c4700000| Untracked 
|  71|0x00000000c4700000, 0x00000000c4800000, 0x00000000c4800000|100%| O|  |TAMS 0x00000000c4800000, 0x00000000c4800000| Untracked 
|  72|0x00000000c4800000, 0x00000000c4900000, 0x00000000c4900000|100%| O|  |TAMS 0x00000000c4900000, 0x00000000c4900000| Untracked 
|  73|0x00000000c4900000, 0x00000000c4a00000, 0x00000000c4a00000|100%| O|  |TAMS 0x00000000c4a00000, 0x00000000c4a00000| Untracked 
|  74|0x00000000c4a00000, 0x00000000c4b00000, 0x00000000c4b00000|100%| O|  |TAMS 0x00000000c4b00000, 0x00000000c4b00000| Untracked 
|  75|0x00000000c4b00000, 0x00000000c4c00000, 0x00000000c4c00000|100%| O|  |TAMS 0x00000000c4c00000, 0x00000000c4c00000| Untracked 
|  76|0x00000000c4c00000, 0x00000000c4d00000, 0x00000000c4d00000|100%| O|  |TAMS 0x00000000c4d00000, 0x00000000c4d00000| Untracked 
|  77|0x00000000c4d00000, 0x00000000c4e00000, 0x00000000c4e00000|100%| O|  |TAMS 0x00000000c4e00000, 0x00000000c4e00000| Untracked 
|  78|0x00000000c4e00000, 0x00000000c4f00000, 0x00000000c4f00000|100%| O|  |TAMS 0x00000000c4f00000, 0x00000000c4f00000| Untracked 
|  79|0x00000000c4f00000, 0x00000000c5000000, 0x00000000c5000000|100%| O|  |TAMS 0x00000000c5000000, 0x00000000c5000000| Untracked 
|  80|0x00000000c5000000, 0x00000000c5100000, 0x00000000c5100000|100%| O|  |TAMS 0x00000000c5100000, 0x00000000c5100000| Untracked 
|  81|0x00000000c5100000, 0x00000000c5200000, 0x00000000c5200000|100%| O|  |TAMS 0x00000000c5200000, 0x00000000c5200000| Untracked 
|  82|0x00000000c5200000, 0x00000000c5300000, 0x00000000c5300000|100%| O|  |TAMS 0x00000000c5300000, 0x00000000c5300000| Untracked 
|  83|0x00000000c5300000, 0x00000000c5400000, 0x00000000c5400000|100%| O|  |TAMS 0x00000000c5400000, 0x00000000c5400000| Untracked 
|  84|0x00000000c5400000, 0x00000000c5500000, 0x00000000c5500000|100%| O|  |TAMS 0x00000000c5500000, 0x00000000c5500000| Untracked 
|  85|0x00000000c5500000, 0x00000000c5600000, 0x00000000c5600000|100%| O|  |TAMS 0x00000000c5600000, 0x00000000c5600000| Untracked 
|  86|0x00000000c5600000, 0x00000000c5700000, 0x00000000c5700000|100%| O|  |TAMS 0x00000000c5700000, 0x00000000c5700000| Untracked 
|  87|0x00000000c5700000, 0x00000000c5800000, 0x00000000c5800000|100%| O|  |TAMS 0x00000000c5800000, 0x00000000c5800000| Untracked 
|  88|0x00000000c5800000, 0x00000000c5900000, 0x00000000c5900000|100%| O|  |TAMS 0x00000000c5900000, 0x00000000c5900000| Untracked 
|  89|0x00000000c5900000, 0x00000000c5a00000, 0x00000000c5a00000|100%| O|  |TAMS 0x00000000c5a00000, 0x00000000c5a00000| Untracked 
|  90|0x00000000c5a00000, 0x00000000c5b00000, 0x00000000c5b00000|100%| O|  |TAMS 0x00000000c5b00000, 0x00000000c5b00000| Untracked 
|  91|0x00000000c5b00000, 0x00000000c5c00000, 0x00000000c5c00000|100%| O|  |TAMS 0x00000000c5c00000, 0x00000000c5c00000| Untracked 
|  92|0x00000000c5c00000, 0x00000000c5d00000, 0x00000000c5d00000|100%| O|  |TAMS 0x00000000c5d00000, 0x00000000c5d00000| Untracked 
|  93|0x00000000c5d00000, 0x00000000c5e00000, 0x00000000c5e00000|100%| O|  |TAMS 0x00000000c5e00000, 0x00000000c5e00000| Untracked 
|  94|0x00000000c5e00000, 0x00000000c5f00000, 0x00000000c5f00000|100%| O|  |TAMS 0x00000000c5f00000, 0x00000000c5f00000| Untracked 
|  95|0x00000000c5f00000, 0x00000000c6000000, 0x00000000c6000000|100%| O|  |TAMS 0x00000000c6000000, 0x00000000c6000000| Untracked 
|  96|0x00000000c6000000, 0x00000000c6100000, 0x00000000c6100000|100%| O|  |TAMS 0x00000000c6100000, 0x00000000c6100000| Untracked 
|  97|0x00000000c6100000, 0x00000000c6200000, 0x00000000c6200000|100%| O|  |TAMS 0x00000000c6200000, 0x00000000c6200000| Untracked 
|  98|0x00000000c6200000, 0x00000000c6300000, 0x00000000c6300000|100%| O|  |TAMS 0x00000000c6300000, 0x00000000c6300000| Untracked 
|  99|0x00000000c6300000, 0x00000000c6400000, 0x00000000c6400000|100%| O|  |TAMS 0x00000000c6400000, 0x00000000c6400000| Untracked 
| 100|0x00000000c6400000, 0x00000000c6500000, 0x00000000c6500000|100%|HS|  |TAMS 0x00000000c6500000, 0x00000000c6500000| Complete 
| 101|0x00000000c6500000, 0x00000000c6600000, 0x00000000c6600000|100%|HC|  |TAMS 0x00000000c6600000, 0x00000000c6600000| Complete 
| 102|0x00000000c6600000, 0x00000000c6700000, 0x00000000c6700000|100%|HC|  |TAMS 0x00000000c6700000, 0x00000000c6700000| Complete 
| 103|0x00000000c6700000, 0x00000000c6800000, 0x00000000c6800000|100%|HC|  |TAMS 0x00000000c6800000, 0x00000000c6800000| Complete 
| 104|0x00000000c6800000, 0x00000000c6900000, 0x00000000c6900000|100%| O|  |TAMS 0x00000000c6900000, 0x00000000c6900000| Untracked 
| 105|0x00000000c6900000, 0x00000000c6a00000, 0x00000000c6a00000|100%| O|  |TAMS 0x00000000c6a00000, 0x00000000c6a00000| Untracked 
| 106|0x00000000c6a00000, 0x00000000c6b00000, 0x00000000c6b00000|100%| O|  |TAMS 0x00000000c6b00000, 0x00000000c6b00000| Untracked 
| 107|0x00000000c6b00000, 0x00000000c6c00000, 0x00000000c6c00000|100%| O|  |TAMS 0x00000000c6c00000, 0x00000000c6c00000| Untracked 
| 108|0x00000000c6c00000, 0x00000000c6d00000, 0x00000000c6d00000|100%| O|  |TAMS 0x00000000c6d00000, 0x00000000c6d00000| Untracked 
| 109|0x00000000c6d00000, 0x00000000c6e00000, 0x00000000c6e00000|100%| O|  |TAMS 0x00000000c6e00000, 0x00000000c6e00000| Untracked 
| 110|0x00000000c6e00000, 0x00000000c6f00000, 0x00000000c6f00000|100%| O|  |TAMS 0x00000000c6f00000, 0x00000000c6f00000| Untracked 
| 111|0x00000000c6f00000, 0x00000000c7000000, 0x00000000c7000000|100%| O|  |TAMS 0x00000000c7000000, 0x00000000c7000000| Untracked 
| 112|0x00000000c7000000, 0x00000000c7100000, 0x00000000c7100000|100%| O|  |TAMS 0x00000000c7100000, 0x00000000c7100000| Untracked 
| 113|0x00000000c7100000, 0x00000000c7200000, 0x00000000c7200000|100%| O|  |TAMS 0x00000000c7200000, 0x00000000c7200000| Untracked 
| 114|0x00000000c7200000, 0x00000000c7300000, 0x00000000c7300000|100%| O|  |TAMS 0x00000000c7300000, 0x00000000c7300000| Untracked 
| 115|0x00000000c7300000, 0x00000000c7400000, 0x00000000c7400000|100%| O|  |TAMS 0x00000000c7400000, 0x00000000c7400000| Untracked 
| 116|0x00000000c7400000, 0x00000000c7500000, 0x00000000c7500000|100%| O|  |TAMS 0x00000000c7500000, 0x00000000c7500000| Untracked 
| 117|0x00000000c7500000, 0x00000000c7600000, 0x00000000c7600000|100%| O|  |TAMS 0x00000000c7600000, 0x00000000c7600000| Untracked 
| 118|0x00000000c7600000, 0x00000000c7700000, 0x00000000c7700000|100%| O|  |TAMS 0x00000000c7700000, 0x00000000c7700000| Untracked 
| 119|0x00000000c7700000, 0x00000000c7800000, 0x00000000c7800000|100%| O|  |TAMS 0x00000000c7800000, 0x00000000c7800000| Untracked 
| 120|0x00000000c7800000, 0x00000000c7900000, 0x00000000c7900000|100%| O|  |TAMS 0x00000000c7900000, 0x00000000c7900000| Untracked 
| 121|0x00000000c7900000, 0x00000000c7a00000, 0x00000000c7a00000|100%| O|  |TAMS 0x00000000c7a00000, 0x00000000c7a00000| Untracked 
| 122|0x00000000c7a00000, 0x00000000c7b00000, 0x00000000c7b00000|100%| O|  |TAMS 0x00000000c7b00000, 0x00000000c7b00000| Untracked 
| 123|0x00000000c7b00000, 0x00000000c7c00000, 0x00000000c7c00000|100%| O|  |TAMS 0x00000000c7c00000, 0x00000000c7c00000| Untracked 
| 124|0x00000000c7c00000, 0x00000000c7d00000, 0x00000000c7d00000|100%| O|  |TAMS 0x00000000c7d00000, 0x00000000c7d00000| Untracked 
| 125|0x00000000c7d00000, 0x00000000c7e00000, 0x00000000c7e00000|100%| O|  |TAMS 0x00000000c7e00000, 0x00000000c7e00000| Untracked 
| 126|0x00000000c7e00000, 0x00000000c7f00000, 0x00000000c7f00000|100%| O|  |TAMS 0x00000000c7f00000, 0x00000000c7f00000| Untracked 
| 127|0x00000000c7f00000, 0x00000000c8000000, 0x00000000c8000000|100%| O|  |TAMS 0x00000000c8000000, 0x00000000c8000000| Untracked 
| 128|0x00000000c8000000, 0x00000000c8100000, 0x00000000c8100000|100%| O|  |TAMS 0x00000000c8100000, 0x00000000c8100000| Untracked 
| 129|0x00000000c8100000, 0x00000000c8200000, 0x00000000c8200000|100%| O|  |TAMS 0x00000000c8200000, 0x00000000c8200000| Untracked 
| 130|0x00000000c8200000, 0x00000000c8300000, 0x00000000c8300000|100%| O|  |TAMS 0x00000000c8300000, 0x00000000c8300000| Untracked 
| 131|0x00000000c8300000, 0x00000000c8400000, 0x00000000c8400000|100%| O|  |TAMS 0x00000000c8300000, 0x00000000c8400000| Untracked 
| 132|0x00000000c8400000, 0x00000000c849d800, 0x00000000c8500000| 61%| O|  |TAMS 0x00000000c8400000, 0x00000000c849d800| Untracked 
| 133|0x00000000c8500000, 0x00000000c8500000, 0x00000000c8600000|  0%| F|  |TAMS 0x00000000c8500000, 0x00000000c8500000| Untracked 
| 134|0x00000000c8600000, 0x00000000c8600000, 0x00000000c8700000|  0%| F|  |TAMS 0x00000000c8600000, 0x00000000c8600000| Untracked 
| 135|0x00000000c8700000, 0x00000000c8700000, 0x00000000c8800000|  0%| F|  |TAMS 0x00000000c8700000, 0x00000000c8700000| Untracked 
| 136|0x00000000c8800000, 0x00000000c8800000, 0x00000000c8900000|  0%| F|  |TAMS 0x00000000c8800000, 0x00000000c8800000| Untracked 
| 137|0x00000000c8900000, 0x00000000c8900000, 0x00000000c8a00000|  0%| F|  |TAMS 0x00000000c8900000, 0x00000000c8900000| Untracked 
| 138|0x00000000c8a00000, 0x00000000c8a00000, 0x00000000c8b00000|  0%| F|  |TAMS 0x00000000c8a00000, 0x00000000c8a00000| Untracked 
| 139|0x00000000c8b00000, 0x00000000c8b00000, 0x00000000c8c00000|  0%| F|  |TAMS 0x00000000c8b00000, 0x00000000c8b00000| Untracked 
| 140|0x00000000c8c00000, 0x00000000c8c00000, 0x00000000c8d00000|  0%| F|  |TAMS 0x00000000c8c00000, 0x00000000c8c00000| Untracked 
| 141|0x00000000c8d00000, 0x00000000c8d00000, 0x00000000c8e00000|  0%| F|  |TAMS 0x00000000c8d00000, 0x00000000c8d00000| Untracked 
| 142|0x00000000c8e00000, 0x00000000c8e00000, 0x00000000c8f00000|  0%| F|  |TAMS 0x00000000c8e00000, 0x00000000c8e00000| Untracked 
| 143|0x00000000c8f00000, 0x00000000c8f00000, 0x00000000c9000000|  0%| F|  |TAMS 0x00000000c8f00000, 0x00000000c8f00000| Untracked 
| 144|0x00000000c9000000, 0x00000000c9000000, 0x00000000c9100000|  0%| F|  |TAMS 0x00000000c9000000, 0x00000000c9000000| Untracked 
| 145|0x00000000c9100000, 0x00000000c9100000, 0x00000000c9200000|  0%| F|  |TAMS 0x00000000c9100000, 0x00000000c9100000| Untracked 
| 146|0x00000000c9200000, 0x00000000c9200000, 0x00000000c9300000|  0%| F|  |TAMS 0x00000000c9200000, 0x00000000c9200000| Untracked 
| 147|0x00000000c9300000, 0x00000000c9300000, 0x00000000c9400000|  0%| F|  |TAMS 0x00000000c9300000, 0x00000000c9300000| Untracked 
| 148|0x00000000c9400000, 0x00000000c9400000, 0x00000000c9500000|  0%| F|  |TAMS 0x00000000c9400000, 0x00000000c9400000| Untracked 
| 149|0x00000000c9500000, 0x00000000c9500000, 0x00000000c9600000|  0%| F|  |TAMS 0x00000000c9500000, 0x00000000c9500000| Untracked 
| 150|0x00000000c9600000, 0x00000000c9600000, 0x00000000c9700000|  0%| F|  |TAMS 0x00000000c9600000, 0x00000000c9600000| Untracked 
| 151|0x00000000c9700000, 0x00000000c9700000, 0x00000000c9800000|  0%| F|  |TAMS 0x00000000c9700000, 0x00000000c9700000| Untracked 
| 152|0x00000000c9800000, 0x00000000c9800000, 0x00000000c9900000|  0%| F|  |TAMS 0x00000000c9800000, 0x00000000c9800000| Untracked 
| 153|0x00000000c9900000, 0x00000000c9900000, 0x00000000c9a00000|  0%| F|  |TAMS 0x00000000c9900000, 0x00000000c9900000| Untracked 
| 154|0x00000000c9a00000, 0x00000000c9a00000, 0x00000000c9b00000|  0%| F|  |TAMS 0x00000000c9a00000, 0x00000000c9a00000| Untracked 
| 155|0x00000000c9b00000, 0x00000000c9b00000, 0x00000000c9c00000|  0%| F|  |TAMS 0x00000000c9b00000, 0x00000000c9b00000| Untracked 
| 156|0x00000000c9c00000, 0x00000000c9c00000, 0x00000000c9d00000|  0%| F|  |TAMS 0x00000000c9c00000, 0x00000000c9c00000| Untracked 
| 157|0x00000000c9d00000, 0x00000000c9d00000, 0x00000000c9e00000|  0%| F|  |TAMS 0x00000000c9d00000, 0x00000000c9d00000| Untracked 
| 158|0x00000000c9e00000, 0x00000000c9e00000, 0x00000000c9f00000|  0%| F|  |TAMS 0x00000000c9e00000, 0x00000000c9e00000| Untracked 
| 159|0x00000000c9f00000, 0x00000000c9f00000, 0x00000000ca000000|  0%| F|  |TAMS 0x00000000c9f00000, 0x00000000c9f00000| Untracked 
| 160|0x00000000ca000000, 0x00000000ca000000, 0x00000000ca100000|  0%| F|  |TAMS 0x00000000ca000000, 0x00000000ca000000| Untracked 
| 161|0x00000000ca100000, 0x00000000ca100000, 0x00000000ca200000|  0%| F|  |TAMS 0x00000000ca100000, 0x00000000ca100000| Untracked 
| 162|0x00000000ca200000, 0x00000000ca200000, 0x00000000ca300000|  0%| F|  |TAMS 0x00000000ca200000, 0x00000000ca200000| Untracked 
| 163|0x00000000ca300000, 0x00000000ca300000, 0x00000000ca400000|  0%| F|  |TAMS 0x00000000ca300000, 0x00000000ca300000| Untracked 
| 164|0x00000000ca400000, 0x00000000ca400000, 0x00000000ca500000|  0%| F|  |TAMS 0x00000000ca400000, 0x00000000ca400000| Untracked 
| 165|0x00000000ca500000, 0x00000000ca500000, 0x00000000ca600000|  0%| F|  |TAMS 0x00000000ca500000, 0x00000000ca500000| Untracked 
| 166|0x00000000ca600000, 0x00000000ca600000, 0x00000000ca700000|  0%| F|  |TAMS 0x00000000ca600000, 0x00000000ca600000| Untracked 
| 167|0x00000000ca700000, 0x00000000ca700000, 0x00000000ca800000|  0%| F|  |TAMS 0x00000000ca700000, 0x00000000ca700000| Untracked 
| 168|0x00000000ca800000, 0x00000000ca800000, 0x00000000ca900000|  0%| F|  |TAMS 0x00000000ca800000, 0x00000000ca800000| Untracked 
| 169|0x00000000ca900000, 0x00000000ca900000, 0x00000000caa00000|  0%| F|  |TAMS 0x00000000ca900000, 0x00000000ca900000| Untracked 
| 170|0x00000000caa00000, 0x00000000caa00000, 0x00000000cab00000|  0%| F|  |TAMS 0x00000000caa00000, 0x00000000caa00000| Untracked 
| 171|0x00000000cab00000, 0x00000000cab00000, 0x00000000cac00000|  0%| F|  |TAMS 0x00000000cab00000, 0x00000000cab00000| Untracked 
| 172|0x00000000cac00000, 0x00000000cac00000, 0x00000000cad00000|  0%| F|  |TAMS 0x00000000cac00000, 0x00000000cac00000| Untracked 
| 173|0x00000000cad00000, 0x00000000cad00000, 0x00000000cae00000|  0%| F|  |TAMS 0x00000000cad00000, 0x00000000cad00000| Untracked 
| 174|0x00000000cae00000, 0x00000000cae00000, 0x00000000caf00000|  0%| F|  |TAMS 0x00000000cae00000, 0x00000000cae00000| Untracked 
| 175|0x00000000caf00000, 0x00000000caf00000, 0x00000000cb000000|  0%| F|  |TAMS 0x00000000caf00000, 0x00000000caf00000| Untracked 
| 176|0x00000000cb000000, 0x00000000cb000000, 0x00000000cb100000|  0%| F|  |TAMS 0x00000000cb000000, 0x00000000cb000000| Untracked 
| 177|0x00000000cb100000, 0x00000000cb100000, 0x00000000cb200000|  0%| F|  |TAMS 0x00000000cb100000, 0x00000000cb100000| Untracked 
| 178|0x00000000cb200000, 0x00000000cb200000, 0x00000000cb300000|  0%| F|  |TAMS 0x00000000cb200000, 0x00000000cb200000| Untracked 
| 179|0x00000000cb300000, 0x00000000cb300000, 0x00000000cb400000|  0%| F|  |TAMS 0x00000000cb300000, 0x00000000cb300000| Untracked 
| 180|0x00000000cb400000, 0x00000000cb400000, 0x00000000cb500000|  0%| F|  |TAMS 0x00000000cb400000, 0x00000000cb400000| Untracked 
| 181|0x00000000cb500000, 0x00000000cb500000, 0x00000000cb600000|  0%| F|  |TAMS 0x00000000cb500000, 0x00000000cb500000| Untracked 
| 182|0x00000000cb600000, 0x00000000cb600000, 0x00000000cb700000|  0%| F|  |TAMS 0x00000000cb600000, 0x00000000cb600000| Untracked 
| 183|0x00000000cb700000, 0x00000000cb700000, 0x00000000cb800000|  0%| F|  |TAMS 0x00000000cb700000, 0x00000000cb700000| Untracked 
| 184|0x00000000cb800000, 0x00000000cb800000, 0x00000000cb900000|  0%| F|  |TAMS 0x00000000cb800000, 0x00000000cb800000| Untracked 
| 185|0x00000000cb900000, 0x00000000cb900000, 0x00000000cba00000|  0%| F|  |TAMS 0x00000000cb900000, 0x00000000cb900000| Untracked 
| 186|0x00000000cba00000, 0x00000000cba00000, 0x00000000cbb00000|  0%| F|  |TAMS 0x00000000cba00000, 0x00000000cba00000| Untracked 
| 187|0x00000000cbb00000, 0x00000000cbb00000, 0x00000000cbc00000|  0%| F|  |TAMS 0x00000000cbb00000, 0x00000000cbb00000| Untracked 
| 188|0x00000000cbc00000, 0x00000000cbc00000, 0x00000000cbd00000|  0%| F|  |TAMS 0x00000000cbc00000, 0x00000000cbc00000| Untracked 
| 189|0x00000000cbd00000, 0x00000000cbd00000, 0x00000000cbe00000|  0%| F|  |TAMS 0x00000000cbd00000, 0x00000000cbd00000| Untracked 
| 190|0x00000000cbe00000, 0x00000000cbe00000, 0x00000000cbf00000|  0%| F|  |TAMS 0x00000000cbe00000, 0x00000000cbe00000| Untracked 
| 191|0x00000000cbf00000, 0x00000000cbf00000, 0x00000000cc000000|  0%| F|  |TAMS 0x00000000cbf00000, 0x00000000cbf00000| Untracked 
| 192|0x00000000cc000000, 0x00000000cc000000, 0x00000000cc100000|  0%| F|  |TAMS 0x00000000cc000000, 0x00000000cc000000| Untracked 
| 193|0x00000000cc100000, 0x00000000cc100000, 0x00000000cc200000|  0%| F|  |TAMS 0x00000000cc100000, 0x00000000cc100000| Untracked 
| 194|0x00000000cc200000, 0x00000000cc200000, 0x00000000cc300000|  0%| F|  |TAMS 0x00000000cc200000, 0x00000000cc200000| Untracked 
| 195|0x00000000cc300000, 0x00000000cc300000, 0x00000000cc400000|  0%| F|  |TAMS 0x00000000cc300000, 0x00000000cc300000| Untracked 
| 196|0x00000000cc400000, 0x00000000cc400000, 0x00000000cc500000|  0%| F|  |TAMS 0x00000000cc400000, 0x00000000cc400000| Untracked 
| 197|0x00000000cc500000, 0x00000000cc500000, 0x00000000cc600000|  0%| F|  |TAMS 0x00000000cc500000, 0x00000000cc500000| Untracked 
| 198|0x00000000cc600000, 0x00000000cc600000, 0x00000000cc700000|  0%| F|  |TAMS 0x00000000cc600000, 0x00000000cc600000| Untracked 
| 199|0x00000000cc700000, 0x00000000cc700000, 0x00000000cc800000|  0%| F|  |TAMS 0x00000000cc700000, 0x00000000cc700000| Untracked 
| 200|0x00000000cc800000, 0x00000000cc800000, 0x00000000cc900000|  0%| F|  |TAMS 0x00000000cc800000, 0x00000000cc800000| Untracked 
| 201|0x00000000cc900000, 0x00000000cc900000, 0x00000000cca00000|  0%| F|  |TAMS 0x00000000cc900000, 0x00000000cc900000| Untracked 
| 202|0x00000000cca00000, 0x00000000cca00000, 0x00000000ccb00000|  0%| F|  |TAMS 0x00000000cca00000, 0x00000000cca00000| Untracked 
| 203|0x00000000ccb00000, 0x00000000ccb00000, 0x00000000ccc00000|  0%| F|  |TAMS 0x00000000ccb00000, 0x00000000ccb00000| Untracked 
| 204|0x00000000ccc00000, 0x00000000ccc00000, 0x00000000ccd00000|  0%| F|  |TAMS 0x00000000ccc00000, 0x00000000ccc00000| Untracked 
| 205|0x00000000ccd00000, 0x00000000ccd00000, 0x00000000cce00000|  0%| F|  |TAMS 0x00000000ccd00000, 0x00000000ccd00000| Untracked 
| 206|0x00000000cce00000, 0x00000000cce00000, 0x00000000ccf00000|  0%| F|  |TAMS 0x00000000cce00000, 0x00000000cce00000| Untracked 
| 207|0x00000000ccf00000, 0x00000000ccf00000, 0x00000000cd000000|  0%| F|  |TAMS 0x00000000ccf00000, 0x00000000ccf00000| Untracked 
| 208|0x00000000cd000000, 0x00000000cd000000, 0x00000000cd100000|  0%| F|  |TAMS 0x00000000cd000000, 0x00000000cd000000| Untracked 
| 209|0x00000000cd100000, 0x00000000cd100000, 0x00000000cd200000|  0%| F|  |TAMS 0x00000000cd100000, 0x00000000cd100000| Untracked 
| 210|0x00000000cd200000, 0x00000000cd200000, 0x00000000cd300000|  0%| F|  |TAMS 0x00000000cd200000, 0x00000000cd200000| Untracked 
| 211|0x00000000cd300000, 0x00000000cd300000, 0x00000000cd400000|  0%| F|  |TAMS 0x00000000cd300000, 0x00000000cd300000| Untracked 
| 212|0x00000000cd400000, 0x00000000cd400000, 0x00000000cd500000|  0%| F|  |TAMS 0x00000000cd400000, 0x00000000cd400000| Untracked 
| 213|0x00000000cd500000, 0x00000000cd500000, 0x00000000cd600000|  0%| F|  |TAMS 0x00000000cd500000, 0x00000000cd500000| Untracked 
| 214|0x00000000cd600000, 0x00000000cd600000, 0x00000000cd700000|  0%| F|  |TAMS 0x00000000cd600000, 0x00000000cd600000| Untracked 
| 215|0x00000000cd700000, 0x00000000cd700000, 0x00000000cd800000|  0%| F|  |TAMS 0x00000000cd700000, 0x00000000cd700000| Untracked 
| 216|0x00000000cd800000, 0x00000000cd800000, 0x00000000cd900000|  0%| F|  |TAMS 0x00000000cd800000, 0x00000000cd800000| Untracked 
| 217|0x00000000cd900000, 0x00000000cd900000, 0x00000000cda00000|  0%| F|  |TAMS 0x00000000cd900000, 0x00000000cd900000| Untracked 
| 218|0x00000000cda00000, 0x00000000cda00000, 0x00000000cdb00000|  0%| F|  |TAMS 0x00000000cda00000, 0x00000000cda00000| Untracked 
| 219|0x00000000cdb00000, 0x00000000cdb00000, 0x00000000cdc00000|  0%| F|  |TAMS 0x00000000cdb00000, 0x00000000cdb00000| Untracked 
| 220|0x00000000cdc00000, 0x00000000cdc00000, 0x00000000cdd00000|  0%| F|  |TAMS 0x00000000cdc00000, 0x00000000cdc00000| Untracked 
| 221|0x00000000cdd00000, 0x00000000cdd00000, 0x00000000cde00000|  0%| F|  |TAMS 0x00000000cdd00000, 0x00000000cdd00000| Untracked 
| 222|0x00000000cde00000, 0x00000000cde00000, 0x00000000cdf00000|  0%| F|  |TAMS 0x00000000cde00000, 0x00000000cde00000| Untracked 
| 223|0x00000000cdf00000, 0x00000000cdf00000, 0x00000000ce000000|  0%| F|  |TAMS 0x00000000cdf00000, 0x00000000cdf00000| Untracked 
| 224|0x00000000ce000000, 0x00000000ce000000, 0x00000000ce100000|  0%| F|  |TAMS 0x00000000ce000000, 0x00000000ce000000| Untracked 
| 225|0x00000000ce100000, 0x00000000ce100000, 0x00000000ce200000|  0%| F|  |TAMS 0x00000000ce100000, 0x00000000ce100000| Untracked 
| 226|0x00000000ce200000, 0x00000000ce200000, 0x00000000ce300000|  0%| F|  |TAMS 0x00000000ce200000, 0x00000000ce200000| Untracked 
| 227|0x00000000ce300000, 0x00000000ce300000, 0x00000000ce400000|  0%| F|  |TAMS 0x00000000ce300000, 0x00000000ce300000| Untracked 
| 228|0x00000000ce400000, 0x00000000ce400000, 0x00000000ce500000|  0%| F|  |TAMS 0x00000000ce400000, 0x00000000ce400000| Untracked 
| 229|0x00000000ce500000, 0x00000000ce53c6a8, 0x00000000ce600000| 23%| S|CS|TAMS 0x00000000ce500000, 0x00000000ce500000| Complete 
| 230|0x00000000ce600000, 0x00000000ce700000, 0x00000000ce700000|100%| S|CS|TAMS 0x00000000ce600000, 0x00000000ce600000| Complete 
| 231|0x00000000ce700000, 0x00000000ce700000, 0x00000000ce800000|  0%| F|  |TAMS 0x00000000ce700000, 0x00000000ce700000| Untracked 
| 232|0x00000000ce800000, 0x00000000ce800000, 0x00000000ce900000|  0%| F|  |TAMS 0x00000000ce800000, 0x00000000ce800000| Untracked 
| 233|0x00000000ce900000, 0x00000000ce900000, 0x00000000cea00000|  0%| F|  |TAMS 0x00000000ce900000, 0x00000000ce900000| Untracked 
| 234|0x00000000cea00000, 0x00000000cea00000, 0x00000000ceb00000|  0%| F|  |TAMS 0x00000000cea00000, 0x00000000cea00000| Untracked 
| 235|0x00000000ceb00000, 0x00000000ceb00000, 0x00000000cec00000|  0%| F|  |TAMS 0x00000000ceb00000, 0x00000000ceb00000| Untracked 
| 236|0x00000000cec00000, 0x00000000cec00000, 0x00000000ced00000|  0%| F|  |TAMS 0x00000000cec00000, 0x00000000cec00000| Untracked 
| 237|0x00000000ced00000, 0x00000000ced00000, 0x00000000cee00000|  0%| F|  |TAMS 0x00000000ced00000, 0x00000000ced00000| Untracked 
| 238|0x00000000cee00000, 0x00000000cee00000, 0x00000000cef00000|  0%| F|  |TAMS 0x00000000cee00000, 0x00000000cee00000| Untracked 
| 239|0x00000000cef00000, 0x00000000cef00000, 0x00000000cf000000|  0%| F|  |TAMS 0x00000000cef00000, 0x00000000cef00000| Untracked 
| 240|0x00000000cf000000, 0x00000000cf000000, 0x00000000cf100000|  0%| F|  |TAMS 0x00000000cf000000, 0x00000000cf000000| Untracked 

Card table byte_map: [0x00007f9665479000,0x00007f9665679000] _byte_map_base: 0x00007f9664e79000

Marking Bits (Prev, Next): (CMBitMap*) 0x00007f9660050ff8, (CMBitMap*) 0x00007f9660051030
 Prev Bits: [0x00007f9664279000, 0x00007f9665279000)
 Next Bits: [0x00007f9643000000, 0x00007f9644000000)

Polling page: 0x00007f966a1f5000

Metaspace:

Usage:
  Non-class:     46.19 MB capacity,    44.73 MB ( 97%) used,     1.37 MB (  3%) free+waste,    86.56 KB ( <1%) overhead. 
      Class:      6.21 MB capacity,     5.34 MB ( 86%) used,   845.59 KB ( 13%) free+waste,    40.00 KB ( <1%) overhead. 
       Both:     52.39 MB capacity,    50.07 MB ( 96%) used,     2.19 MB (  4%) free+waste,   126.56 KB ( <1%) overhead. 

Virtual space:
  Non-class space:       48.00 MB reserved,      46.42 MB ( 97%) committed 
      Class space:        1.00 GB reserved,       6.25 MB ( <1%) committed 
             Both:        1.05 GB reserved,      52.67 MB (  5%) committed 

Chunk freelists:
   Non-Class:  18.75 KB
       Class:  1.75 KB
        Both:  20.50 KB

CodeHeap 'non-profiled nmethods': size=120032Kb used=3804Kb max_used=3804Kb free=116227Kb
 bounds [0x00007f9650724000, 0x00007f9650ae4000, 0x00007f9657c5c000]
CodeHeap 'profiled nmethods': size=120032Kb used=12067Kb max_used=12195Kb free=107964Kb
 bounds [0x00007f96491ec000, 0x00007f9649dec000, 0x00007f9650724000]
CodeHeap 'non-nmethods': size=5696Kb used=1207Kb max_used=1284Kb free=4488Kb
 bounds [0x00007f9648c5c000, 0x00007f9648ecc000, 0x00007f96491ec000]
 total_blobs=8026 nmethods=5288 adapters=523
 compilation: enabled
              stopped_count=0, restarted_count=0
 full_count=0

Compilation events (10 events):
Event: 112.922 Thread 0x00007f9660192800 5881       2       org.eclipse.jdt.core.search.SearchDocument::<init> (20 bytes)
Event: 113.890 Thread 0x00007f9660192800 nmethod 5881 0x00007f96491fcf90 code [0x00007f96491fd140, 0x00007f96491fd330]
Event: 113.890 Thread 0x00007f9660192800 5882   !   2       org.eclipse.jdt.internal.core.search.indexing.IndexManager::indexDocument (31 bytes)
Event: 114.123 Thread 0x00007f9660192800 nmethod 5882 0x00007f9649309910 code [0x00007f9649309ae0, 0x00007f9649309d68]
Event: 114.123 Thread 0x00007f9660192800 5886       3       java.util.TaskQueue::fixDown (108 bytes)
Event: 114.334 Thread 0x00007f9660192800 nmethod 5886 0x00007f9649308d90 code [0x00007f9649308fa0, 0x00007f9649309670]
Event: 114.334 Thread 0x00007f9660192800 5887       3       org.eclipse.buildship.core.internal.util.progress.RateLimitingProgressMonitor$1::run (55 bytes)
Event: 114.396 Thread 0x00007f9660192800 nmethod 5887 0x00007f9649404710 code [0x00007f9649404ae0, 0x00007f9649406798]
Event: 114.396 Thread 0x00007f9660192800 5888       3       java.util.TaskQueue::rescheduleMin (16 bytes)
Event: 114.397 Thread 0x00007f9660192800 nmethod 5888 0x00007f9649308810 code [0x00007f96493089e0, 0x00007f9649308ba8]

GC Heap History (10 events):
Event: 42.665 GC heap after
{Heap after GC invocations=39 (full 0):
 garbage-first heap   total 246784K, used 122735K [0x00000000c0000000, 0x0000000100000000)
  region size 1024K, 8 young (8192K), 8 survivors (8192K)
 Metaspace       used 51241K, capacity 53648K, committed 53936K, reserved 1097728K
  class space    used 5465K, capacity 6354K, committed 6400K, reserved 1048576K
}
Event: 45.308 GC heap before
{Heap before GC invocations=39 (full 0):
 garbage-first heap   total 246784K, used 189295K [0x00000000c0000000, 0x0000000100000000)
  region size 1024K, 73 young (74752K), 8 survivors (8192K)
 Metaspace       used 51250K, capacity 53648K, committed 53936K, reserved 1097728K
  class space    used 5465K, capacity 6354K, committed 6400K, reserved 1048576K
}
Event: 45.816 GC heap after
{Heap after GC invocations=40 (full 0):
 garbage-first heap   total 246784K, used 130054K [0x00000000c0000000, 0x0000000100000000)
  region size 1024K, 8 young (8192K), 8 survivors (8192K)
 Metaspace       used 51250K, capacity 53648K, committed 53936K, reserved 1097728K
  class space    used 5465K, capacity 6354K, committed 6400K, reserved 1048576K
}
Event: 57.016 GC heap before
{Heap before GC invocations=41 (full 0):
 garbage-first heap   total 246784K, used 191494K [0x00000000c0000000, 0x0000000100000000)
  region size 1024K, 71 young (72704K), 8 survivors (8192K)
 Metaspace       used 51262K, capacity 53648K, committed 53936K, reserved 1097728K
  class space    used 5465K, capacity 6354K, committed 6400K, reserved 1048576K
}
Event: 61.902 GC heap after
{Heap after GC invocations=42 (full 0):
 garbage-first heap   total 246784K, used 134143K [0x00000000c0000000, 0x0000000100000000)
  region size 1024K, 8 young (8192K), 8 survivors (8192K)
 Metaspace       used 51262K, capacity 53648K, committed 53936K, reserved 1097728K
  class space    used 5465K, capacity 6354K, committed 6400K, reserved 1048576K
}
Event: 76.633 GC heap before
{Heap before GC invocations=42 (full 0):
 garbage-first heap   total 246784K, used 138239K [0x00000000c0000000, 0x0000000100000000)
  region size 1024K, 12 young (12288K), 8 survivors (8192K)
 Metaspace       used 51269K, capacity 53648K, committed 53936K, reserved 1097728K
  class space    used 5467K, capacity 6354K, committed 6400K, reserved 1048576K
}
Event: 81.964 GC heap after
{Heap after GC invocations=43 (full 0):
 garbage-first heap   total 246784K, used 135497K [0x00000000c0000000, 0x0000000100000000)
  region size 1024K, 2 young (2048K), 2 survivors (2048K)
 Metaspace       used 51269K, capacity 53648K, committed 53936K, reserved 1097728K
  class space    used 5467K, capacity 6354K, committed 6400K, reserved 1048576K
}
Event: 103.663 GC heap before
{Heap before GC invocations=44 (full 0):
 garbage-first heap   total 246784K, used 145737K [0x00000000c0000000, 0x0000000100000000)
  region size 1024K, 12 young (12288K), 2 survivors (2048K)
 Metaspace       used 51269K, capacity 53648K, committed 53936K, reserved 1097728K
  class space    used 5467K, capacity 6354K, committed 6400K, reserved 1048576K
}
Event: 106.976 GC heap after
{Heap after GC invocations=45 (full 0):
 garbage-first heap   total 246784K, used 135950K [0x00000000c0000000, 0x0000000100000000)
  region size 1024K, 2 young (2048K), 2 survivors (2048K)
 Metaspace       used 51269K, capacity 53648K, committed 53936K, reserved 1097728K
  class space    used 5467K, capacity 6354K, committed 6400K, reserved 1048576K
}
Event: 114.968 GC heap before
{Heap before GC invocations=45 (full 0):
 garbage-first heap   total 246784K, used 145166K [0x00000000c0000000, 0x0000000100000000)
  region size 1024K, 12 young (12288K), 2 survivors (2048K)
 Metaspace       used 51275K, capacity 53648K, committed 53936K, reserved 1097728K
  class space    used 5468K, capacity 6354K, committed 6400K, reserved 1048576K
}

Deoptimization events (10 events):
Event: 36.157 Thread 0x00007f95e84bc000 Uncommon trap: reason=unstable_if action=reinterpret pc=0x00007f9650a2bfb8 method=org.eclipse.jdt.internal.core.search.indexing.BinaryIndexer.addTypeReference([C)V @ 5 c2
Event: 36.441 Thread 0x00007f95e84bc000 Uncommon trap: reason=unstable_if action=reinterpret pc=0x00007f96509cba9c method=org.eclipse.jdt.internal.core.search.indexing.BinaryIndexer.addTypeReference([C)V @ 5 c2
Event: 36.441 Thread 0x00007f95e84bc000 Uncommon trap: reason=unstable_if action=reinterpret pc=0x00007f9650a11014 method=org.eclipse.jdt.internal.core.search.indexing.BinaryIndexer.addTypeReference([C)V @ 5 c2
Event: 37.530 Thread 0x00007f9660543000 Uncommon trap: reason=unstable_if action=reinterpret pc=0x00007f9650796aa8 method=java.util.HashMap.removeNode(ILjava/lang/Object;Ljava/lang/Object;ZZ)Ljava/util/HashMap$Node; @ 62 c2
Event: 43.266 Thread 0x00007f95e84bc000 Uncommon trap: reason=array_check action=maybe_recompile pc=0x00007f9650aadd0c method=java.util.TimSort.binarySort([Ljava/lang/Object;IIILjava/util/Comparator;)V @ 183 c2
Event: 44.686 Thread 0x00007f95e84bc000 Uncommon trap: reason=unstable_if action=reinterpret pc=0x00007f9650ad2e0c method=org.eclipse.jdt.internal.compiler.parser.Scanner.internalScanIdentifierOrKeyword(II[C)I @ 505 c2
Event: 45.817 Thread 0x00007f95e84bc000 Uncommon trap: reason=array_check action=maybe_recompile pc=0x00007f9650aadd0c method=java.util.TimSort.binarySort([Ljava/lang/Object;IIILjava/util/Comparator;)V @ 183 c2
Event: 45.817 Thread 0x00007f95e84bc000 Uncommon trap: reason=array_check action=maybe_recompile pc=0x00007f9650aaf828 method=java.util.TimSort.binarySort([Ljava/lang/Object;IIILjava/util/Comparator;)V @ 183 c2
Event: 48.995 Thread 0x00007f95e84bc000 Uncommon trap: reason=unstable_if action=reinterpret pc=0x00007f9650aa3528 method=org.eclipse.jdt.internal.compiler.util.Util.isClassFileName(Ljava/lang/String;)Z @ 20 c2
Event: 50.209 Thread 0x00007f95e84bc000 Uncommon trap: reason=unstable_if action=reinterpret pc=0x00007f9650a966c0 method=org.eclipse.jdt.internal.compiler.util.Util.isClassFileName(Ljava/lang/String;)Z @ 20 c2

Classes redefined (0 events):
No events

Internal exceptions (10 events):
Event: 12.823 Thread 0x0000000001ebf000 Exception <a 'sun/nio/fs/UnixException'{0x00000000c64419a0}> (0x00000000c64419a0) thrown at [/scratch/opt/mach5/mesos/work_dir/slaves/14a03e04-9f3c-408e-8ddf-efd6aa9b759f-S30878/frameworks/1735e8a2-a1db-478c-8104-60c8b0af87dd-0196/executors/a3066abf-3718-
Event: 12.825 Thread 0x0000000001ebf000 Exception <a 'sun/nio/fs/UnixException'{0x00000000c6442d18}> (0x00000000c6442d18) thrown at [/scratch/opt/mach5/mesos/work_dir/slaves/14a03e04-9f3c-408e-8ddf-efd6aa9b759f-S30878/frameworks/1735e8a2-a1db-478c-8104-60c8b0af87dd-0196/executors/a3066abf-3718-
Event: 12.825 Thread 0x0000000001ebf000 Exception <a 'sun/nio/fs/UnixException'{0x00000000c6444508}> (0x00000000c6444508) thrown at [/scratch/opt/mach5/mesos/work_dir/slaves/14a03e04-9f3c-408e-8ddf-efd6aa9b759f-S30878/frameworks/1735e8a2-a1db-478c-8104-60c8b0af87dd-0196/executors/a3066abf-3718-
Event: 12.828 Thread 0x0000000001ebf000 Exception <a 'sun/nio/fs/UnixException'{0x00000000c644cef0}> (0x00000000c644cef0) thrown at [/scratch/opt/mach5/mesos/work_dir/slaves/14a03e04-9f3c-408e-8ddf-efd6aa9b759f-S30878/frameworks/1735e8a2-a1db-478c-8104-60c8b0af87dd-0196/executors/a3066abf-3718-
Event: 12.828 Thread 0x0000000001ebf000 Exception <a 'sun/nio/fs/UnixException'{0x00000000c644de18}> (0x00000000c644de18) thrown at [/scratch/opt/mach5/mesos/work_dir/slaves/14a03e04-9f3c-408e-8ddf-efd6aa9b759f-S30878/frameworks/1735e8a2-a1db-478c-8104-60c8b0af87dd-0196/executors/a3066abf-3718-
Event: 12.842 Thread 0x0000000001ebf000 Exception <a 'sun/nio/fs/UnixException'{0x00000000c6452e78}> (0x00000000c6452e78) thrown at [/scratch/opt/mach5/mesos/work_dir/slaves/14a03e04-9f3c-408e-8ddf-efd6aa9b759f-S30878/frameworks/1735e8a2-a1db-478c-8104-60c8b0af87dd-0196/executors/a3066abf-3718-
Event: 13.037 Thread 0x0000000001ebf000 Exception <a 'sun/nio/fs/UnixException'{0x00000000c5d933a0}> (0x00000000c5d933a0) thrown at [/scratch/opt/mach5/mesos/work_dir/slaves/14a03e04-9f3c-408e-8ddf-efd6aa9b759f-S30878/frameworks/1735e8a2-a1db-478c-8104-60c8b0af87dd-0196/executors/a3066abf-3718-
Event: 13.428 Thread 0x00007f95e84bc000 Implicit null exception at 0x00007f96509a5dcf to 0x00007f96509a5ece
Event: 14.785 Thread 0x00007f95dc19f800 Exception <a 'java/lang/NoSuchMethodError'{0x00000000c8d13510}: java.lang.invoke.DirectMethodHandle$Holder.invokeVirtual(Ljava/lang/Object;Ljava/lang/Object;Ljava/lang/Object;Ljava/lang/Object;Ljava/lang/Object;)Ljava/lang/Object;> (0x00000000c8d13510) th
Event: 37.530 Thread 0x00007f9660543000 Implicit null exception at 0x00007f96507963eb to 0x00007f9650796a62

Events (10 events):
Event: 82.829 Executing VM operation: G1CollectForAllocation done
Event: 83.360 Executing VM operation: CGC_Operation
Event: 90.956 Executing VM operation: CGC_Operation done
Event: 95.387 Executing VM operation: CGC_Operation
Event: 98.448 Executing VM operation: CGC_Operation done
Event: 102.677 Executing VM operation: G1CollectForAllocation
Event: 108.563 Executing VM operation: G1CollectForAllocation done
Event: 112.272 loading class org/gradle/internal/service/scopes/PluginServiceRegistry
Event: 112.272 loading class org/gradle/internal/service/scopes/PluginServiceRegistry done
Event: 114.806 Executing VM operation: G1CollectForAllocation


Dynamic libraries:
00400000-00401000 r-xp 00000000 08:04 1195140                            /usr/lib/jvm/jdk-11.0.1/bin/java
00600000-00601000 r--p 00000000 08:04 1195140                            /usr/lib/jvm/jdk-11.0.1/bin/java
00601000-00602000 rw-p 00001000 08:04 1195140                            /usr/lib/jvm/jdk-11.0.1/bin/java
01ea6000-01f71000 rw-p 00000000 00:00 0                                  [heap]
c0000000-cf100000 rw-p 00000000 00:00 0 
e2b00000-100000000 ---p 00000000 00:00 0 
100000000-100640000 rw-p 00000000 00:00 0 
100640000-140000000 ---p 00000000 00:00 0 
7f95bbc5c000-7f95c4000000 r--s 00000000 08:04 1198362                    /usr/lib/jvm/jdk-11.0.1/lib/modules
7f95c4000000-7f95c402f000 rw-p 00000000 00:00 0 
7f95c402f000-7f95c8000000 ---p 00000000 00:00 0 
7f95ca507000-7f95ca587000 rw-p 00000000 00:00 0 
7f95ca587000-7f95ca707000 ---p 00000000 00:00 0 
7f95ca707000-7f95ca71d000 r-xp 00000000 08:04 1580104                    /lib/x86_64-linux-gnu/libgcc_s.so.1
7f95ca71d000-7f95ca91c000 ---p 00016000 08:04 1580104                    /lib/x86_64-linux-gnu/libgcc_s.so.1
7f95ca91c000-7f95ca91d000 r--p 00015000 08:04 1580104                    /lib/x86_64-linux-gnu/libgcc_s.so.1
7f95ca91d000-7f95ca91e000 rw-p 00016000 08:04 1580104                    /lib/x86_64-linux-gnu/libgcc_s.so.1
7f95ca91e000-7f95caa90000 r-xp 00000000 08:04 393225                     /usr/lib/x86_64-linux-gnu/libstdc++.so.6.0.22
7f95caa90000-7f95cac90000 ---p 00172000 08:04 393225                     /usr/lib/x86_64-linux-gnu/libstdc++.so.6.0.22
7f95cac90000-7f95cac9a000 r--p 00172000 08:04 393225                     /usr/lib/x86_64-linux-gnu/libstdc++.so.6.0.22
7f95cac9a000-7f95cac9c000 rw-p 0017c000 08:04 393225                     /usr/lib/x86_64-linux-gnu/libstdc++.so.6.0.22
7f95cac9c000-7f95caca0000 rw-p 00000000 00:00 0 
7f95caca0000-7f95caca5000 r-xp 00000000 08:04 1595676                    /home/18203069/.gradle/native/25/linux-amd64/libnative-platform.so
7f95caca5000-7f95caea4000 ---p 00005000 08:04 1595676                    /home/18203069/.gradle/native/25/linux-amd64/libnative-platform.so
7f95caea4000-7f95caea5000 rw-p 00004000 08:04 1595676                    /home/18203069/.gradle/native/25/linux-amd64/libnative-platform.so
7f95caea5000-7f95caea9000 ---p 00000000 00:00 0 
7f95caea9000-7f95cafa6000 rw-p 00000000 00:00 0 
7f95cafa6000-7f95cb1a6000 rw-p 00000000 00:00 0 
7f95cb1a6000-7f95cb1aa000 ---p 00000000 00:00 0 
7f95cb1aa000-7f95cb2a7000 rw-p 00000000 00:00 0 
7f95cb2a7000-7f95cb2ab000 ---p 00000000 00:00 0 
7f95cb2ab000-7f95cb3a8000 rw-p 00000000 00:00 0 
7f95cb3a8000-7f95cb5a8000 rw-p 00000000 00:00 0 
7f95cb5a8000-7f95cb7a8000 rw-p 00000000 00:00 0 
7f95cb7a8000-7f95cb7bc000 r-xp 00000000 08:04 1580139                    /lib/x86_64-linux-gnu/libresolv-2.24.so
7f95cb7bc000-7f95cb9bb000 ---p 00014000 08:04 1580139                    /lib/x86_64-linux-gnu/libresolv-2.24.so
7f95cb9bb000-7f95cb9bc000 r--p 00013000 08:04 1580139                    /lib/x86_64-linux-gnu/libresolv-2.24.so
7f95cb9bc000-7f95cb9bd000 rw-p 00014000 08:04 1580139                    /lib/x86_64-linux-gnu/libresolv-2.24.so
7f95cb9bd000-7f95cb9bf000 rw-p 00000000 00:00 0 
7f95cb9bf000-7f95cb9c1000 r-xp 00000000 08:04 1198302                    /usr/lib/jvm/jdk-11.0.1/lib/libextnet.so
7f95cb9c1000-7f95cbbc0000 ---p 00002000 08:04 1198302                    /usr/lib/jvm/jdk-11.0.1/lib/libextnet.so
7f95cbbc0000-7f95cbbc1000 r--p 00001000 08:04 1198302                    /usr/lib/jvm/jdk-11.0.1/lib/libextnet.so
7f95cbbc1000-7f95cbbc2000 rw-p 00002000 08:04 1198302                    /usr/lib/jvm/jdk-11.0.1/lib/libextnet.so
7f95cbbfa000-7f95cbbff000 r-xp 00000000 08:04 1580132                    /lib/x86_64-linux-gnu/libnss_dns-2.24.so
7f95cbbff000-7f95cbdfe000 ---p 00005000 08:04 1580132                    /lib/x86_64-linux-gnu/libnss_dns-2.24.so
7f95cbdfe000-7f95cbdff000 r--p 00004000 08:04 1580132                    /lib/x86_64-linux-gnu/libnss_dns-2.24.so
7f95cbdff000-7f95cbe00000 rw-p 00005000 08:04 1580132                    /lib/x86_64-linux-gnu/libnss_dns-2.24.so
7f95cbe00000-7f95cc000000 rw-p 00000000 00:00 0 
7f95cc000000-7f95cc429000 rw-p 00000000 00:00 0 
7f95cc429000-7f95d0000000 ---p 00000000 00:00 0 
7f95d0000000-7f95d025e000 rw-p 00000000 00:00 0 
7f95d025e000-7f95d4000000 ---p 00000000 00:00 0 
7f95d4000000-7f95d402b000 rw-p 00000000 00:00 0 
7f95d402b000-7f95d8000000 ---p 00000000 00:00 0 
7f95d8000000-7f95d8401000 rw-p 00000000 00:00 0 
7f95d8401000-7f95dc000000 ---p 00000000 00:00 0 
7f95dc000000-7f95dc1a9000 rw-p 00000000 00:00 0 
7f95dc1a9000-7f95e0000000 ---p 00000000 00:00 0 
7f95e0000000-7f95e0943000 rw-p 00000000 00:00 0 
7f95e0943000-7f95e4000000 ---p 00000000 00:00 0 
7f95e4000000-7f95e402b000 rw-p 00000000 00:00 0 
7f95e402b000-7f95e8000000 ---p 00000000 00:00 0 
7f95e8000000-7f95e8db9000 rw-p 00000000 00:00 0 
7f95e8db9000-7f95ec000000 ---p 00000000 00:00 0 
7f95ec000000-7f95ec848000 rw-p 00000000 00:00 0 
7f95ec848000-7f95f0000000 ---p 00000000 00:00 0 
7f95f0000000-7f95f0021000 rw-p 00000000 00:00 0 
7f95f0021000-7f95f4000000 ---p 00000000 00:00 0 
7f95f4000000-7f95f4a6d000 rw-p 00000000 00:00 0 
7f95f4a6d000-7f95f8000000 ---p 00000000 00:00 0 
7f95f8000000-7f95f802c000 rw-p 00000000 00:00 0 
7f95f802c000-7f95fc000000 ---p 00000000 00:00 0 
7f95fc000000-7f95fc021000 rw-p 00000000 00:00 0 
7f95fc021000-7f9600000000 ---p 00000000 00:00 0 
7f960005c000-7f9600060000 ---p 00000000 00:00 0 
7f9600060000-7f960015d000 rw-p 00000000 00:00 0 
7f960015d000-7f960015f000 r-xp 00000000 08:04 1576003                    /lib/x86_64-linux-gnu/libnss_mdns4_minimal.so.2
7f960015f000-7f960035e000 ---p 00002000 08:04 1576003                    /lib/x86_64-linux-gnu/libnss_mdns4_minimal.so.2
7f960035e000-7f960035f000 r--p 00001000 08:04 1576003                    /lib/x86_64-linux-gnu/libnss_mdns4_minimal.so.2
7f960035f000-7f9600360000 rw-p 00002000 08:04 1576003                    /lib/x86_64-linux-gnu/libnss_mdns4_minimal.so.2
7f9600360000-7f9600560000 rw-p 00000000 00:00 0 
7f9600560000-7f96005a0000 r-xp 00000000 08:04 1198354                    /usr/lib/jvm/jdk-11.0.1/lib/libsunec.so
7f96005a0000-7f960079f000 ---p 00040000 08:04 1198354                    /usr/lib/jvm/jdk-11.0.1/lib/libsunec.so
7f960079f000-7f96007a4000 r--p 0003f000 08:04 1198354                    /usr/lib/jvm/jdk-11.0.1/lib/libsunec.so
7f96007a4000-7f96007a6000 rw-p 00044000 08:04 1198354                    /usr/lib/jvm/jdk-11.0.1/lib/libsunec.so
7f96007a6000-7f96007aa000 ---p 00000000 00:00 0 
7f96007aa000-7f96008a7000 rw-p 00000000 00:00 0 
7f96008a7000-7f96008ab000 ---p 00000000 00:00 0 
7f96008ab000-7f96009a8000 rw-p 00000000 00:00 0 
7f96009a8000-7f9600ba8000 rw-p 00000000 00:00 0 
7f9600ba8000-7f9600bac000 ---p 00000000 00:00 0 
7f9600bac000-7f9600ca9000 rw-p 00000000 00:00 0 
7f9600ca9000-7f9600cad000 ---p 00000000 00:00 0 
7f9600cad000-7f9600daa000 rw-p 00000000 00:00 0 
7f9600daa000-7f9600dae000 ---p 00000000 00:00 0 
7f9600dae000-7f9600eab000 rw-p 00000000 00:00 0 
7f9600eab000-7f96010ab000 rw-p 00000000 00:00 0 
7f96010ab000-7f96010af000 ---p 00000000 00:00 0 
7f96010af000-7f96011ac000 rw-p 00000000 00:00 0 
7f96011ac000-7f96013ac000 rw-p 00000000 00:00 0 
7f96013ac000-7f96015ac000 rw-p 00000000 00:00 0 
7f96015ac000-7f96017ac000 rw-p 00000000 00:00 0 
7f96017ac000-7f96019ac000 rw-p 00000000 00:00 0 
7f96019ac000-7f96019b0000 ---p 00000000 00:00 0 
7f96019b0000-7f9601aad000 rw-p 00000000 00:00 0 
7f9601aad000-7f9601cad000 rw-p 00000000 00:00 0 
7f9601cad000-7f9601cb1000 ---p 00000000 00:00 0 
7f9601cb1000-7f9601dae000 rw-p 00000000 00:00 0 
7f9601dae000-7f9601fae000 rw-p 00000000 00:00 0 
7f9601fae000-7f960219a000 rw-p 00000000 00:00 0 
7f960219a000-7f96021ae000 ---p 00000000 00:00 0 
7f96021ae000-7f96021b2000 ---p 00000000 00:00 0 
7f96021b2000-7f96022af000 rw-p 00000000 00:00 0 
7f96022af000-7f96022b3000 ---p 00000000 00:00 0 
7f96022b3000-7f96023b0000 rw-p 00000000 00:00 0 
7f96023b0000-7f96023b4000 ---p 00000000 00:00 0 
7f96023b4000-7f96024b1000 rw-p 00000000 00:00 0 
7f96024bc000-7f96026bc000 rw-p 00000000 00:00 0 
7f96026bc000-7f96028bc000 rw-p 00000000 00:00 0 
7f96028bc000-7f96028bd000 ---p 00000000 00:00 0 
7f96028bd000-7f96029bd000 rw-p 00000000 00:00 0 
7f96029bd000-7f96029be000 ---p 00000000 00:00 0 
7f96029be000-7f9602abe000 rw-p 00000000 00:00 0 
7f9602abe000-7f9602ac2000 ---p 00000000 00:00 0 
7f9602ac2000-7f9602bbf000 rw-p 00000000 00:00 0 
7f9602bbf000-7f9602bc3000 ---p 00000000 00:00 0 
7f9602bc3000-7f9602cc0000 rw-p 00000000 00:00 0 
7f9602cc0000-7f9602ec0000 rw-p 00000000 00:00 0 
7f9602ec0000-7f9602ed0000 r-xp 00000000 08:04 1859658                    /home/18203069/.vscode/extensions/redhat.java-0.40.0/server/config_linux/org.eclipse.equinox.launcher/org.eclipse.equinox.launcher.gtk.linux.x86_64_1.1.1000.v20190125-2016/eclipse_1801.so
7f9602ed0000-7f96030cf000 ---p 00010000 08:04 1859658                    /home/18203069/.vscode/extensions/redhat.java-0.40.0/server/config_linux/org.eclipse.equinox.launcher/org.eclipse.equinox.launcher.gtk.linux.x86_64_1.1.1000.v20190125-2016/eclipse_1801.so
7f96030cf000-7f96030d0000 r--p 0000f000 08:04 1859658                    /home/18203069/.vscode/extensions/redhat.java-0.40.0/server/config_linux/org.eclipse.equinox.launcher/org.eclipse.equinox.launcher.gtk.linux.x86_64_1.1.1000.v20190125-2016/eclipse_1801.so
7f96030d0000-7f96030d1000 rw-p 00010000 08:04 1859658                    /home/18203069/.vscode/extensions/redhat.java-0.40.0/server/config_linux/org.eclipse.equinox.launcher/org.eclipse.equinox.launcher.gtk.linux.x86_64_1.1.1000.v20190125-2016/eclipse_1801.so
7f96030d1000-7f96030d5000 ---p 00000000 00:00 0 
7f96030d5000-7f96031d2000 rw-p 00000000 00:00 0 
7f96031d2000-7f96031d6000 ---p 00000000 00:00 0 
7f96031d6000-7f96032d3000 rw-p 00000000 00:00 0 
7f96032d3000-7f96032d7000 ---p 00000000 00:00 0 
7f96032d7000-7f96033d4000 rw-p 00000000 00:00 0 
7f96033d4000-7f96033d8000 ---p 00000000 00:00 0 
7f96033d8000-7f96034d5000 rw-p 00000000 00:00 0 
7f96034d5000-7f96034d9000 ---p 00000000 00:00 0 
7f96034d9000-7f96035d6000 rw-p 00000000 00:00 0 
7f96035d6000-7f96037d6000 rw-p 00000000 00:00 0 
7f96037d6000-7f96037d7000 ---p 00000000 00:00 0 
7f96037d7000-7f96038d7000 rw-p 00000000 00:00 0 
7f96038d7000-7f96038db000 ---p 00000000 00:00 0 
7f96038db000-7f96039d8000 rw-p 00000000 00:00 0 
7f96039d8000-7f9603bd8000 rw-p 00000000 00:00 0 
7f9603bd8000-7f9603bee000 r-xp 00000000 08:04 1198340                    /usr/lib/jvm/jdk-11.0.1/lib/libnet.so
7f9603bee000-7f9603ded000 ---p 00016000 08:04 1198340                    /usr/lib/jvm/jdk-11.0.1/lib/libnet.so
7f9603ded000-7f9603dee000 r--p 00015000 08:04 1198340                    /usr/lib/jvm/jdk-11.0.1/lib/libnet.so
7f9603dee000-7f9603def000 rw-p 00016000 08:04 1198340                    /usr/lib/jvm/jdk-11.0.1/lib/libnet.so
7f9603def000-7f9603dff000 r-xp 00000000 08:04 1198342                    /usr/lib/jvm/jdk-11.0.1/lib/libnio.so
7f9603dff000-7f9603ffe000 ---p 00010000 08:04 1198342                    /usr/lib/jvm/jdk-11.0.1/lib/libnio.so
7f9603ffe000-7f9603fff000 r--p 0000f000 08:04 1198342                    /usr/lib/jvm/jdk-11.0.1/lib/libnio.so
7f9603fff000-7f9604000000 rw-p 00010000 08:04 1198342                    /usr/lib/jvm/jdk-11.0.1/lib/libnio.so
7f9604000000-7f9604021000 rw-p 00000000 00:00 0 
7f9604021000-7f9608000000 ---p 00000000 00:00 0 
7f9608000000-7f960ab4a000 rw-p 00000000 00:00 0 
7f960ab4a000-7f960c000000 ---p 00000000 00:00 0 
7f960c000000-7f960c021000 rw-p 00000000 00:00 0 
7f960c021000-7f9610000000 ---p 00000000 00:00 0 
7f9610000000-7f9610a85000 rw-p 00000000 00:00 0 
7f9610a85000-7f9614000000 ---p 00000000 00:00 0 
7f9614000000-7f9615f8e000 rw-p 00000000 00:00 0 
7f9615f8e000-7f9618000000 ---p 00000000 00:00 0 
7f9618000000-7f9618b0b000 rw-p 00000000 00:00 0 
7f9618b0b000-7f961c000000 ---p 00000000 00:00 0 
7f961c000000-7f961c021000 rw-p 00000000 00:00 0 
7f961c021000-7f9620000000 ---p 00000000 00:00 0 
7f9620000000-7f9620021000 rw-p 00000000 00:00 0 
7f9620021000-7f9624000000 ---p 00000000 00:00 0 
7f9624000000-7f96244e3000 rw-p 00000000 00:00 0 
7f96244e3000-7f9628000000 ---p 00000000 00:00 0 
7f9628000000-7f9628021000 rw-p 00000000 00:00 0 
7f9628021000-7f962c000000 ---p 00000000 00:00 0 
7f962c000000-7f962c021000 rw-p 00000000 00:00 0 
7f962c021000-7f9630000000 ---p 00000000 00:00 0 
7f9630000000-7f963031d000 rw-p 00000000 00:00 0 
7f963031d000-7f9634000000 ---p 00000000 00:00 0 
7f9634000000-7f9634181000 rw-p 00000000 00:00 0 
7f9634181000-7f9638000000 ---p 00000000 00:00 0 
7f9638000000-7f9638021000 rw-p 00000000 00:00 0 
7f9638021000-7f963c000000 ---p 00000000 00:00 0 
7f963c000000-7f963c021000 rw-p 00000000 00:00 0 
7f963c021000-7f9640000000 ---p 00000000 00:00 0 
7f96400f9000-7f96400fa000 ---p 00000000 00:00 0 
7f96400fa000-7f96401fa000 rw-p 00000000 00:00 0 
7f96401fa000-7f96401fe000 ---p 00000000 00:00 0 
7f96401fe000-7f96402fb000 rw-p 00000000 00:00 0 
7f96402fb000-7f96402ff000 ---p 00000000 00:00 0 
7f96402ff000-7f96403fc000 rw-p 00000000 00:00 0 
7f96403fc000-7f9640400000 ---p 00000000 00:00 0 
7f9640400000-7f96404fd000 rw-p 00000000 00:00 0 
7f96404fd000-7f9640501000 ---p 00000000 00:00 0 
7f9640501000-7f96405fe000 rw-p 00000000 00:00 0 
7f96405fe000-7f9640602000 ---p 00000000 00:00 0 
7f9640602000-7f96406ff000 rw-p 00000000 00:00 0 
7f96406ff000-7f9640703000 ---p 00000000 00:00 0 
7f9640703000-7f9640800000 rw-p 00000000 00:00 0 
7f9640800000-7f96433c4000 rw-p 00000000 00:00 0 
7f96433c4000-7f9644000000 ---p 00000000 00:00 0 
7f9644000000-7f9644021000 rw-p 00000000 00:00 0 
7f9644021000-7f9648000000 ---p 00000000 00:00 0 
7f9648036000-7f96481d1000 r--p 00000000 08:04 401686                     /usr/lib/locale/locale-archive
7f96481d1000-7f96481d5000 ---p 00000000 00:00 0 
7f96481d5000-7f96482d2000 rw-p 00000000 00:00 0 
7f96482d2000-7f96482d6000 ---p 00000000 00:00 0 
7f96482d6000-7f96483d3000 rw-p 00000000 00:00 0 
7f96483d3000-7f96483d4000 ---p 00000000 00:00 0 
7f96483d4000-7f9648555000 rw-p 00000000 00:00 0 
7f9648555000-7f9648556000 ---p 00000000 00:00 0 
7f9648556000-7f9648656000 rw-p 00000000 00:00 0 
7f9648656000-7f9648657000 ---p 00000000 00:00 0 
7f9648657000-7f9648757000 rw-p 00000000 00:00 0 
7f9648757000-7f9648758000 ---p 00000000 00:00 0 
7f9648758000-7f9648c5c000 rw-p 00000000 00:00 0 
7f9648c5c000-7f9648ecc000 rwxp 00000000 00:00 0 
7f9648ecc000-7f96491ec000 ---p 00000000 00:00 0 
7f96491ec000-7f9649dec000 rwxp 00000000 00:00 0 
7f9649dec000-7f9650724000 ---p 00000000 00:00 0 
7f9650724000-7f9650ae4000 rwxp 00000000 00:00 0 
7f9650ae4000-7f9657c5c000 ---p 00000000 00:00 0 
7f9657c5c000-7f9660000000 r--s 00000000 08:04 1198362                    /usr/lib/jvm/jdk-11.0.1/lib/modules
7f9660000000-7f9660822000 rw-p 00000000 00:00 0 
7f9660822000-7f9664000000 ---p 00000000 00:00 0 
7f9664077000-7f9664078000 ---p 00000000 00:00 0 
7f9664078000-7f9664178000 rw-p 00000000 00:00 0 
7f9664178000-7f9664179000 ---p 00000000 00:00 0 
7f9664179000-7f9664279000 rw-p 00000000 00:00 0 
7f9664279000-7f966463d000 rw-p 00000000 00:00 0 
7f966463d000-7f9665279000 ---p 00000000 00:00 0 
7f9665279000-7f96652f2000 rw-p 00000000 00:00 0 
7f96652f2000-7f9665479000 ---p 00000000 00:00 0 
7f9665479000-7f96654f2000 rw-p 00000000 00:00 0 
7f96654f2000-7f9665679000 ---p 00000000 00:00 0 
7f9665679000-7f96656f2000 rw-p 00000000 00:00 0 
7f96656f2000-7f9665879000 ---p 00000000 00:00 0 
7f9665879000-7f9665c7d000 rw-p 00000000 00:00 0 
7f9665c7d000-7f9665c7e000 ---p 00000000 00:00 0 
7f9665c7e000-7f9665d7e000 rw-p 00000000 00:00 0 
7f9665d7e000-7f9665d86000 rw-p 00000000 00:00 0 
7f9665d86000-7f9665e69000 ---p 00000000 00:00 0 
7f9665e69000-7f9665e81000 rw-p 00000000 00:00 0 
7f9665e81000-7f9665f54000 ---p 00000000 00:00 0 
7f9665f54000-7f9665f6f000 r-xp 00000000 08:04 1198324                    /usr/lib/jvm/jdk-11.0.1/lib/libjimage.so
7f9665f6f000-7f966616e000 ---p 0001b000 08:04 1198324                    /usr/lib/jvm/jdk-11.0.1/lib/libjimage.so
7f966616e000-7f9666170000 r--p 0001a000 08:04 1198324                    /usr/lib/jvm/jdk-11.0.1/lib/libjimage.so
7f9666170000-7f9666171000 rw-p 0001c000 08:04 1198324                    /usr/lib/jvm/jdk-11.0.1/lib/libjimage.so
7f9666171000-7f9666178000 r-xp 00000000 08:04 1198360                    /usr/lib/jvm/jdk-11.0.1/lib/libzip.so
7f9666178000-7f9666377000 ---p 00007000 08:04 1198360                    /usr/lib/jvm/jdk-11.0.1/lib/libzip.so
7f9666377000-7f9666378000 r--p 00006000 08:04 1198360                    /usr/lib/jvm/jdk-11.0.1/lib/libzip.so
7f9666378000-7f9666379000 rw-p 00007000 08:04 1198360                    /usr/lib/jvm/jdk-11.0.1/lib/libzip.so
7f9666379000-7f9666b7e000 r--s 00000000 08:04 1840595                    /var/lib/sss/mc/passwd
7f9666b7e000-7f9666b86000 r-xp 00000000 08:04 1580318                    /lib/x86_64-linux-gnu/libnss_sss.so.2
7f9666b86000-7f9666d85000 ---p 00008000 08:04 1580318                    /lib/x86_64-linux-gnu/libnss_sss.so.2
7f9666d85000-7f9666d86000 r--p 00007000 08:04 1580318                    /lib/x86_64-linux-gnu/libnss_sss.so.2
7f9666d86000-7f9666d87000 rw-p 00008000 08:04 1580318                    /lib/x86_64-linux-gnu/libnss_sss.so.2
7f9666d87000-7f9666d91000 r-xp 00000000 08:04 1580133                    /lib/x86_64-linux-gnu/libnss_files-2.24.so
7f9666d91000-7f9666f91000 ---p 0000a000 08:04 1580133                    /lib/x86_64-linux-gnu/libnss_files-2.24.so
7f9666f91000-7f9666f92000 r--p 0000a000 08:04 1580133                    /lib/x86_64-linux-gnu/libnss_files-2.24.so
7f9666f92000-7f9666f93000 rw-p 0000b000 08:04 1580133                    /lib/x86_64-linux-gnu/libnss_files-2.24.so
7f9666f93000-7f9666f99000 rw-p 00000000 00:00 0 
7f9666f99000-7f9666fa4000 r-xp 00000000 08:04 1580135                    /lib/x86_64-linux-gnu/libnss_nis-2.24.so
7f9666fa4000-7f96671a3000 ---p 0000b000 08:04 1580135                    /lib/x86_64-linux-gnu/libnss_nis-2.24.so
7f96671a3000-7f96671a4000 r--p 0000a000 08:04 1580135                    /lib/x86_64-linux-gnu/libnss_nis-2.24.so
7f96671a4000-7f96671a5000 rw-p 0000b000 08:04 1580135                    /lib/x86_64-linux-gnu/libnss_nis-2.24.so
7f96671a5000-7f96671b9000 r-xp 00000000 08:04 1580130                    /lib/x86_64-linux-gnu/libnsl-2.24.so
7f96671b9000-7f96673b9000 ---p 00014000 08:04 1580130                    /lib/x86_64-linux-gnu/libnsl-2.24.so
7f96673b9000-7f96673ba000 r--p 00014000 08:04 1580130                    /lib/x86_64-linux-gnu/libnsl-2.24.so
7f96673ba000-7f96673bb000 rw-p 00015000 08:04 1580130                    /lib/x86_64-linux-gnu/libnsl-2.24.so
7f96673bb000-7f96673bd000 rw-p 00000000 00:00 0 
7f96673bd000-7f96673c4000 r-xp 00000000 08:04 1580131                    /lib/x86_64-linux-gnu/libnss_compat-2.24.so
7f96673c4000-7f96675c3000 ---p 00007000 08:04 1580131                    /lib/x86_64-linux-gnu/libnss_compat-2.24.so
7f96675c3000-7f96675c4000 r--p 00006000 08:04 1580131                    /lib/x86_64-linux-gnu/libnss_compat-2.24.so
7f96675c4000-7f96675c5000 rw-p 00007000 08:04 1580131                    /lib/x86_64-linux-gnu/libnss_compat-2.24.so
7f96675c5000-7f96675f0000 r-xp 00000000 08:04 1198316                    /usr/lib/jvm/jdk-11.0.1/lib/libjava.so
7f96675f0000-7f96677ef000 ---p 0002b000 08:04 1198316                    /usr/lib/jvm/jdk-11.0.1/lib/libjava.so
7f96677ef000-7f96677f0000 r--p 0002a000 08:04 1198316                    /usr/lib/jvm/jdk-11.0.1/lib/libjava.so
7f96677f0000-7f96677f2000 rw-p 0002b000 08:04 1198316                    /usr/lib/jvm/jdk-11.0.1/lib/libjava.so
7f96677f2000-7f96677ff000 r-xp 00000000 08:04 1198358                    /usr/lib/jvm/jdk-11.0.1/lib/libverify.so
7f96677ff000-7f96679fe000 ---p 0000d000 08:04 1198358                    /usr/lib/jvm/jdk-11.0.1/lib/libverify.so
7f96679fe000-7f9667a00000 r--p 0000c000 08:04 1198358                    /usr/lib/jvm/jdk-11.0.1/lib/libverify.so
7f9667a00000-7f9667a01000 rw-p 0000e000 08:04 1198358                    /usr/lib/jvm/jdk-11.0.1/lib/libverify.so
7f9667a01000-7f9667a08000 r-xp 00000000 08:04 1580140                    /lib/x86_64-linux-gnu/librt-2.24.so
7f9667a08000-7f9667c07000 ---p 00007000 08:04 1580140                    /lib/x86_64-linux-gnu/librt-2.24.so
7f9667c07000-7f9667c08000 r--p 00006000 08:04 1580140                    /lib/x86_64-linux-gnu/librt-2.24.so
7f9667c08000-7f9667c09000 rw-p 00007000 08:04 1580140                    /lib/x86_64-linux-gnu/librt-2.24.so
7f9667c09000-7f9667d0c000 r-xp 00000000 08:04 1580127                    /lib/x86_64-linux-gnu/libm-2.24.so
7f9667d0c000-7f9667f0b000 ---p 00103000 08:04 1580127                    /lib/x86_64-linux-gnu/libm-2.24.so
7f9667f0b000-7f9667f0c000 r--p 00102000 08:04 1580127                    /lib/x86_64-linux-gnu/libm-2.24.so
7f9667f0c000-7f9667f0d000 rw-p 00103000 08:04 1580127                    /lib/x86_64-linux-gnu/libm-2.24.so
7f9667f0d000-7f9669093000 r-xp 00000000 08:04 1198384                    /usr/lib/jvm/jdk-11.0.1/lib/server/libjvm.so
7f9669093000-7f9669292000 ---p 01186000 08:04 1198384                    /usr/lib/jvm/jdk-11.0.1/lib/server/libjvm.so
7f9669292000-7f966935c000 r--p 01185000 08:04 1198384                    /usr/lib/jvm/jdk-11.0.1/lib/server/libjvm.so
7f966935c000-7f9669396000 rw-p 0124f000 08:04 1198384                    /usr/lib/jvm/jdk-11.0.1/lib/server/libjvm.so
7f9669396000-7f96693ec000 rw-p 00000000 00:00 0 
7f96693ec000-7f9669581000 r-xp 00000000 08:04 1580123                    /lib/x86_64-linux-gnu/libc-2.24.so
7f9669581000-7f9669781000 ---p 00195000 08:04 1580123                    /lib/x86_64-linux-gnu/libc-2.24.so
7f9669781000-7f9669785000 r--p 00195000 08:04 1580123                    /lib/x86_64-linux-gnu/libc-2.24.so
7f9669785000-7f9669787000 rw-p 00199000 08:04 1580123                    /lib/x86_64-linux-gnu/libc-2.24.so
7f9669787000-7f966978b000 rw-p 00000000 00:00 0 
7f966978b000-7f966978e000 r-xp 00000000 08:04 1580126                    /lib/x86_64-linux-gnu/libdl-2.24.so
7f966978e000-7f966998d000 ---p 00003000 08:04 1580126                    /lib/x86_64-linux-gnu/libdl-2.24.so
7f966998d000-7f966998e000 r--p 00002000 08:04 1580126                    /lib/x86_64-linux-gnu/libdl-2.24.so
7f966998e000-7f966998f000 rw-p 00003000 08:04 1580126                    /lib/x86_64-linux-gnu/libdl-2.24.so
7f966998f000-7f966999e000 r-xp 00000000 08:04 1198286                    /usr/lib/jvm/jdk-11.0.1/lib/jli/libjli.so
7f966999e000-7f9669b9e000 ---p 0000f000 08:04 1198286                    /usr/lib/jvm/jdk-11.0.1/lib/jli/libjli.so
7f9669b9e000-7f9669b9f000 r--p 0000f000 08:04 1198286                    /usr/lib/jvm/jdk-11.0.1/lib/jli/libjli.so
7f9669b9f000-7f9669ba0000 rw-p 00010000 08:04 1198286                    /usr/lib/jvm/jdk-11.0.1/lib/jli/libjli.so
7f9669ba0000-7f9669bb8000 r-xp 00000000 08:04 1580138                    /lib/x86_64-linux-gnu/libpthread-2.24.so
7f9669bb8000-7f9669db7000 ---p 00018000 08:04 1580138                    /lib/x86_64-linux-gnu/libpthread-2.24.so
7f9669db7000-7f9669db8000 r--p 00017000 08:04 1580138                    /lib/x86_64-linux-gnu/libpthread-2.24.so
7f9669db8000-7f9669db9000 rw-p 00018000 08:04 1580138                    /lib/x86_64-linux-gnu/libpthread-2.24.so
7f9669db9000-7f9669dbd000 rw-p 00000000 00:00 0 
7f9669dbd000-7f9669dd6000 r-xp 00000000 08:04 1572954                    /lib/x86_64-linux-gnu/libz.so.1.2.8
7f9669dd6000-7f9669fd5000 ---p 00019000 08:04 1572954                    /lib/x86_64-linux-gnu/libz.so.1.2.8
7f9669fd5000-7f9669fd6000 r--p 00018000 08:04 1572954                    /lib/x86_64-linux-gnu/libz.so.1.2.8
7f9669fd6000-7f9669fd7000 rw-p 00019000 08:04 1572954                    /lib/x86_64-linux-gnu/libz.so.1.2.8
7f9669fd7000-7f9669ffa000 r-xp 00000000 08:04 1580105                    /lib/x86_64-linux-gnu/ld-2.24.so
7f966a007000-7f966a00b000 ---p 00000000 00:00 0 
7f966a00b000-7f966a029000 rw-p 00000000 00:00 0 
7f966a029000-7f966a02d000 ---p 00000000 00:00 0 
7f966a02d000-7f966a0a6000 rw-p 00000000 00:00 0 
7f966a0a6000-7f966a0c9000 rw-p 00000000 00:00 0 
7f966a0c9000-7f966a0cd000 ---p 00000000 00:00 0 
7f966a0cd000-7f966a1ce000 rw-p 00000000 00:00 0 
7f966a1e1000-7f966a1e6000 rw-p 00000000 00:00 0 
7f966a1e6000-7f966a1ed000 ---p 00000000 00:00 0 
7f966a1ed000-7f966a1f5000 rw-s 00000000 08:04 1979130                    /tmp/hsperfdata_18203069/5471
7f966a1f5000-7f966a1f6000 ---p 00000000 00:00 0 
7f966a1f6000-7f966a1f7000 r--p 00000000 00:00 0 
7f966a1f7000-7f966a1fa000 rw-p 00000000 00:00 0 
7f966a1fa000-7f966a1fb000 r--p 00023000 08:04 1580105                    /lib/x86_64-linux-gnu/ld-2.24.so
7f966a1fb000-7f966a1fc000 rw-p 00024000 08:04 1580105                    /lib/x86_64-linux-gnu/ld-2.24.so
7f966a1fc000-7f966a1fd000 rw-p 00000000 00:00 0 
7fffe222f000-7fffe2250000 rw-p 00000000 00:00 0                          [stack]
7fffe2260000-7fffe2262000 r--p 00000000 00:00 0                          [vvar]
7fffe2262000-7fffe2264000 r-xp 00000000 00:00 0                          [vdso]
ffffffffff600000-ffffffffff601000 r-xp 00000000 00:00 0                  [vsyscall]


VM Arguments:
jvm_args: --add-modules=ALL-SYSTEM --add-opens=java.base/java.util=ALL-UNNAMED --add-opens=java.base/java.lang=ALL-UNNAMED -Declipse.application=org.eclipse.jdt.ls.core.id1 -Dosgi.bundles.defaultStartLevel=4 -Declipse.product=org.eclipse.jdt.ls.core.product -Dfile.encoding=utf8 -Xverify:none -Xmx1G -XX:+UseG1GC -XX:+UseStringDeduplication 
java_command: /home/18203069/.vscode/extensions/redhat.java-0.40.0/server/plugins/org.eclipse.equinox.launcher_1.5.200.v20180922-1751.jar -configuration /home/18203069/.vscode/extensions/redhat.java-0.40.0/server/config_linux -data /home/18203069/.config/Code/User/workspaceStorage/399d3aaf91dce2e000a7f57d03ecb81c/redhat.java/jdt_ws
java_class_path (initial): /home/18203069/.vscode/extensions/redhat.java-0.40.0/server/plugins/org.eclipse.equinox.launcher_1.5.200.v20180922-1751.jar
Launcher Type: SUN_STANDARD

[Global flags]
     bool BytecodeVerificationLocal                = false                                     {product} {command line}
     bool BytecodeVerificationRemote               = false                                     {product} {command line}
     intx CICompilerCount                          = 3                                         {product} {ergonomic}
     uint ConcGCThreads                            = 1                                         {product} {ergonomic}
     uint G1ConcRefinementThreads                  = 4                                         {product} {ergonomic}
   size_t G1HeapRegionSize                         = 1048576                                   {product} {ergonomic}
    uintx GCDrainStackTargetSize                   = 64                                        {product} {ergonomic}
   size_t InitialHeapSize                          = 62914560                                  {product} {ergonomic}
   size_t MarkStackSize                            = 4194304                                   {product} {ergonomic}
   size_t MaxHeapSize                              = 1073741824                                {product} {command line}
   size_t MaxNewSize                               = 643825664                                 {product} {ergonomic}
   size_t MinHeapDeltaBytes                        = 1048576                                   {product} {ergonomic}
    uintx NonNMethodCodeHeapSize                   = 5830092                                {pd product} {ergonomic}
    uintx NonProfiledCodeHeapSize                  = 122914074                              {pd product} {ergonomic}
    uintx ProfiledCodeHeapSize                     = 122914074                              {pd product} {ergonomic}
    uintx ReservedCodeCacheSize                    = 251658240                              {pd product} {ergonomic}
     bool SegmentedCodeCache                       = true                                      {product} {ergonomic}
     bool UseCompressedClassPointers               = true                                 {lp64_product} {ergonomic}
     bool UseCompressedOops                        = true                                 {lp64_product} {ergonomic}
     bool UseG1GC                                  = true                                      {product} {command line}
     bool UseStringDeduplication                   = true                                      {product} {command line}

Logging:
Log output configuration:
 #0: stdout all=warning uptime,level,tags
 #1: stderr all=off uptime,level,tags

Environment Variables:
PATH=/opt/pgi/linux86-64/17.4/bin:/usr/local/cuda/bin:/opt/dbmain/bin:/opt/anaconda3/bin:/usr/local/bin:/usr/bin:/bin:/usr/local/games:/usr/games:/usr/local/go/bin:/home/18203069/go/bin:/opt/Isabelle2016-1:/opt/tla-toolbox:/facin/arm/bin:/facin/derby/bin:/home/18203069/DriveH/bin:/usr/local/go/bin
LD_LIBRARY_PATH=/usr/local/cuda/lib64:/opt/dbmain/bin:/opt/dbmain/bin/../java/jre/lib/amd64/server:
SHELL=/bin/bash
DISPLAY=:0.0

Signal Handlers:
SIGSEGV: [libjvm.so+0xe58b80], sa_mask[0]=11111111011111111101111111111110, sa_flags=SA_RESTART|SA_SIGINFO
SIGBUS: [libjvm.so+0xe58b80], sa_mask[0]=11111111011111111101111111111110, sa_flags=SA_RESTART|SA_SIGINFO
SIGFPE: [libjvm.so+0xe58b80], sa_mask[0]=11111111011111111101111111111110, sa_flags=SA_RESTART|SA_SIGINFO
SIGPIPE: [libjvm.so+0xc2ec80], sa_mask[0]=11111111011111111101111111111110, sa_flags=SA_RESTART|SA_SIGINFO
SIGXFSZ: [libjvm.so+0xc2ec80], sa_mask[0]=11111111011111111101111111111110, sa_flags=SA_RESTART|SA_SIGINFO
SIGILL: [libjvm.so+0xe58b80], sa_mask[0]=11111111011111111101111111111110, sa_flags=SA_RESTART|SA_SIGINFO
SIGUSR2: [libjvm.so+0xc2eb20], sa_mask[0]=00000000000000000000000000000000, sa_flags=SA_RESTART|SA_SIGINFO
SIGHUP: [libjvm.so+0xc2ee80], sa_mask[0]=11111111011111111101111111111110, sa_flags=SA_RESTART|SA_SIGINFO
SIGINT: [libjvm.so+0xc2ee80], sa_mask[0]=11111111011111111101111111111110, sa_flags=SA_RESTART|SA_SIGINFO
SIGTERM: [libjvm.so+0xc2ee80], sa_mask[0]=11111111011111111101111111111110, sa_flags=SA_RESTART|SA_SIGINFO
SIGQUIT: [libjvm.so+0xc2ee80], sa_mask[0]=11111111011111111101111111111110, sa_flags=SA_RESTART|SA_SIGINFO


---------------  S Y S T E M  ---------------

OS:PRETTY_NAME="Debian GNU/Linux 9 (stretch)"
NAME="Debian GNU/Linux"
VERSION_ID="9"
VERSION="9 (stretch)"
ID=debian
HOME_URL="https://www.debian.org/"
SUPPORT_URL="https://www.debian.org/support"
BUG_REPORT_URL="https://bugs.debian.org/"
uname:Linux 4.9.0-8-amd64 #1 SMP Debian 4.9.130-2 (2018-10-27) x86_64
libc:glibc 2.24 NPTL 2.24 
rlimit: STACK 8192k, CORE 0k, NPROC 15180, NOFILE 1048576, AS infinity, DATA infinity, FSIZE infinity
load average:15.23 6.36 2.89

/proc/meminfo:
MemTotal:        3912336 kB
MemFree:          104920 kB
MemAvailable:      22696 kB
Buffers:             532 kB
Cached:           233556 kB
SwapCached:            0 kB
Active:          3408948 kB
Inactive:         201412 kB
Active(anon):    3384152 kB
Inactive(anon):   174072 kB
Active(file):      24796 kB
Inactive(file):    27340 kB
Unevictable:         132 kB
Mlocked:             132 kB
SwapTotal:             0 kB
SwapFree:              0 kB
Dirty:                60 kB
Writeback:             0 kB
AnonPages:       3376476 kB
Mapped:           209880 kB
Shmem:            181880 kB
Slab:              71848 kB
SReclaimable:      23024 kB
SUnreclaim:        48824 kB
KernelStack:       11952 kB
PageTables:        45340 kB
NFS_Unstable:          0 kB
Bounce:                0 kB
WritebackTmp:          0 kB
CommitLimit:     1956168 kB
Committed_AS:    8313984 kB
VmallocTotal:   34359738367 kB
VmallocUsed:           0 kB
VmallocChunk:          0 kB
HardwareCorrupted:     0 kB
AnonHugePages:         0 kB
ShmemHugePages:        0 kB
ShmemPmdMapped:        0 kB
HugePages_Total:       0
HugePages_Free:        0
HugePages_Rsvd:        0
HugePages_Surp:        0
Hugepagesize:       2048 kB
DirectMap4k:      192000 kB
DirectMap2M:     3862528 kB


/proc/sys/kernel/threads-max (system-wide limit on the number of threads):
30361


/proc/sys/vm/max_map_count (maximum number of memory map areas a process may have):
65530


/proc/sys/kernel/pid_max (system-wide limit on number of process identifiers):
32768


container (cgroup) information:
container_type: cgroupv1
cpu_cpuset_cpus: 0-3
cpu_memory_nodes: 0
active_processor_count: 4
cpu_quota: -1
cpu_period: 100000
cpu_shares: -1
memory_limit_in_bytes: -1
memory_and_swap_limit_in_bytes: -2
memory_soft_limit_in_bytes: -1
memory_usage_in_bytes: 3595091968
memory_max_usage_in_bytes: 3600867328


CPU:total 4 (initial active 4) (2 cores per cpu, 2 threads per core) family 6 model 37 stepping 2, cmov, cx8, fxsr, mmx, sse, sse2, sse3, ssse3, sse4.1, sse4.2, popcnt, ht, tsc, tscinvbit
CPU Model and flags from /proc/cpuinfo:
model name	: Intel(R) Core(TM) i3 CPU         530  @ 2.93GHz
flags		: fpu vme de pse tsc msr pae mce cx8 apic sep mtrr pge mca cmov pat pse36 clflush dts acpi mmx fxsr sse sse2 ss ht tm pbe syscall nx rdtscp lm constant_tsc arch_perfmon pebs bts rep_good nopl xtopology nonstop_tsc aperfmperf pni dtes64 monitor ds_cpl vmx est tm2 ssse3 cx16 xtpr pdcm sse4_1 sse4_2 popcnt lahf_lm ssbd ibrs ibpb stibp kaiser tpr_shadow vnmi flexpriority ept vpid dtherm arat flush_l1d

Memory: 4k page, physical 3912336k(119924k free), swap 0k(0k free)

vm_info: OpenJDK 64-Bit Server VM (11.0.1+13) for linux-amd64 JRE (11.0.1+13), built on Oct  6 2018 05:14:05 by "mach5one" with gcc 7.3.0

END.
